This is pdfTeX, Version 3.14159265-2.6-1.40.21 (MiKTeX 20.11) (preloaded format=pdflatex 2020.11.5)  16 JAN 2021 16:29
entering extended mode
**./refman.tex
(refman.tex
LaTeX2e <2020-10-01> patch level 2
L3 programming layer <2020-10-27> xparse <2020-03-03>
("C:\Program Files\MiKTeX 2.9\tex/latex/base\book.cls"
Document Class: book 2020/04/10 v1.4m Standard LaTeX document class
("C:\Program Files\MiKTeX 2.9\tex/latex/base\bk10.clo"
File: bk10.clo 2020/04/10 v1.4m Standard LaTeX file (size option)
)
\c@part=\count175
\c@chapter=\count176
\c@section=\count177
\c@subsection=\count178
\c@subsubsection=\count179
\c@paragraph=\count180
\c@subparagraph=\count181
\c@figure=\count182
\c@table=\count183
\abovecaptionskip=\skip47
\belowcaptionskip=\skip48
\bibindent=\dimen138
)
("C:\Program Files\MiKTeX 2.9\tex/latex/base\ifthen.sty"
Package: ifthen 2014/09/29 v1.1c Standard LaTeX ifthen package (DPC)
)
("C:\Program Files\MiKTeX 2.9\tex/latex/tools\array.sty"
Rollback for package 'array' requested -> date 2016-10-06.
         Best approximation is the release introduced on 2016-10-06.

("C:\Program Files\MiKTeX 2.9\tex/latex/tools\array-2016-10-06.sty"
Package: array 2016/10/06 v2.4d Tabular extension package (FMi)
\col@sep=\dimen139
\extrarowheight=\dimen140
\NC@list=\toks15
\extratabsurround=\skip49
\backup@length=\skip50
))
("C:\Program Files\MiKTeX 2.9\tex/latex/base\fixltx2e.sty"
Package: fixltx2e 2016/12/29 v2.1a fixes to LaTeX (obsolete)
Applying: [2015/01/01] Old fixltx2e package on input line 46.


Package fixltx2e Warning: fixltx2e is not required with releases after 2015
(fixltx2e)                All fixes are now in the LaTeX kernel.
(fixltx2e)                See the latexrelease package for details.

Already applied: [0000/00/00] Old fixltx2e package on input line 53.
) (doxygen.sty
Package: doxygen 
 ("C:\Program Files\MiKTeX 2.9\tex/latex/base\alltt.sty"
Package: alltt 1997/06/16 v2.0g defines alltt environment
)
("C:\Program Files\MiKTeX 2.9\tex/latex/tools\calc.sty"
Package: calc 2017/05/25 v4.3 Infix arithmetic (KKT,FJ)
\calc@Acount=\count184
\calc@Bcount=\count185
\calc@Adimen=\dimen141
\calc@Bdimen=\dimen142
\calc@Askip=\skip51
\calc@Bskip=\skip52
LaTeX Info: Redefining \setlength on input line 80.
LaTeX Info: Redefining \addtolength on input line 81.
\calc@Ccount=\count186
\calc@Cskip=\skip53
)
("C:\Program Files\MiKTeX 2.9\tex/latex/float\float.sty"
Package: float 2001/11/08 v1.3d Float enhancements (AL)
\c@float@type=\count187
\float@exts=\toks16
\float@box=\box47
\@float@everytoks=\toks17
\@floatcapt=\box48
)
("C:\Program Files\MiKTeX 2.9\tex/latex/tools\verbatim.sty"
Package: verbatim 2019/11/10 v1.5r LaTeX2e package for verbatim enhancements
\every@verbatim=\toks18
\verbatim@line=\toks19
\verbatim@in@stream=\read2
)
("C:\Program Files\MiKTeX 2.9\tex/latex/xcolor\xcolor.sty"
Package: xcolor 2016/05/11 v2.12 LaTeX color extensions (UK)

("C:\Program Files\MiKTeX 2.9\tex/latex/graphics-cfg\color.cfg"
File: color.cfg 2016/01/02 v1.6 sample color configuration
)
Package xcolor Info: Driver file: pdftex.def on input line 225.

("C:\Program Files\MiKTeX 2.9\tex/latex/graphics-def\pdftex.def"
File: pdftex.def 2020/10/05 v1.2a Graphics/color driver for pdftex
)
("C:\Program Files\MiKTeX 2.9\tex/latex/colortbl\colortbl.sty"
Package: colortbl 2020/01/04 v1.0e Color table columns (DPC)
\everycr=\toks20
\minrowclearance=\skip54
)
\rownum=\count188
Package xcolor Info: Model `cmy' substituted by `cmy0' on input line 1348.
Package xcolor Info: Model `hsb' substituted by `rgb' on input line 1352.
Package xcolor Info: Model `RGB' extended on input line 1364.
Package xcolor Info: Model `HTML' substituted by `rgb' on input line 1366.
Package xcolor Info: Model `Hsb' substituted by `hsb' on input line 1367.
Package xcolor Info: Model `tHsb' substituted by `hsb' on input line 1368.
Package xcolor Info: Model `HSB' substituted by `hsb' on input line 1369.
Package xcolor Info: Model `Gray' substituted by `gray' on input line 1370.
Package xcolor Info: Model `wave' substituted by `hsb' on input line 1371.
)
(longtable_doxygen.sty
Package: longtable_doxygen 2014/10/28 v4.11 Multi-page Table package (DPC) - fr
ozen version for doxygen
\LTleft=\skip55
\LTright=\skip56
\LTpre=\skip57
\LTpost=\skip58
\LTchunksize=\count189
\LTcapwidth=\dimen143
\LT@head=\box49
\LT@firsthead=\box50
\LT@foot=\box51
\LT@lastfoot=\box52
\LT@cols=\count190
\LT@rows=\count191
\c@LT@tables=\count192
\c@LT@chunks=\count193
\LT@p@ftn=\toks21
) (tabu_doxygen.sty
Package: tabu_doxygen 2011/02/26 v2.8 - flexible LaTeX tabulars (FC), frozen ve
rsion for doxygen

("C:\Program Files\MiKTeX 2.9\tex/latex/varwidth\varwidth.sty"
Package: varwidth 2009/03/30 ver 0.92;  Variable-width minipages
\@vwid@box=\box53
\sift@deathcycles=\count194
\@vwid@loff=\dimen144
\@vwid@roff=\dimen145
)
\c@taburow=\count195
\tabu@nbcols=\count196
\tabu@cnt=\count197
\tabu@Xcol=\count198
\tabu@alloc=\count199
\tabu@nested=\count266
\tabu@target=\dimen146
\tabu@spreadtarget=\dimen147
\tabu@naturalX=\dimen148
\tabucolX=\dimen149
\tabu@Xsum=\dimen150
\extrarowdepth=\dimen151
\abovetabulinesep=\dimen152
\belowtabulinesep=\dimen153
\tabustrutrule=\dimen154
\tabu@thebody=\toks22
\tabu@footnotes=\toks23
\tabu@box=\box54
\tabu@arstrutbox=\box55
\tabu@hleads=\box56
\tabu@vleads=\box57
\tabu@cellskip=\skip59
)
("C:\Program Files\MiKTeX 2.9\tex/latex/fancyvrb\fancyvrb.sty"
Package: fancyvrb 2020/05/03 v3.6 verbatim text (tvz,hv)

("C:\Program Files\MiKTeX 2.9\tex/latex/graphics\keyval.sty"
Package: keyval 2014/10/28 v1.15 key=value parser (DPC)
\KV@toks@=\toks24
)
\FV@CodeLineNo=\count267
\FV@InFile=\read3
\FV@TabBox=\box58
\c@FancyVerbLine=\count268
\FV@StepNumber=\count269
\FV@OutFile=\write3
)
("C:\Program Files\MiKTeX 2.9\tex/latex/tools\tabularx.sty"
Package: tabularx 2020/01/15 v2.11c `tabularx' package (DPC)
\TX@col@width=\dimen155
\TX@old@table=\dimen156
\TX@old@col=\dimen157
\TX@target=\dimen158
\TX@delta=\dimen159
\TX@cols=\count270
\TX@ftn=\toks25
)
("C:\Program Files\MiKTeX 2.9\tex/latex/tools\multicol.sty"
Package: multicol 2019/12/09 v1.8y multicolumn formatting (FMi)
\c@tracingmulticols=\count271
\mult@box=\box59
\multicol@leftmargin=\dimen160
\c@unbalance=\count272
\c@collectmore=\count273
\doublecol@number=\count274
\multicoltolerance=\count275
\multicolpretolerance=\count276
\full@width=\dimen161
\page@free=\dimen162
\premulticols=\dimen163
\postmulticols=\dimen164
\multicolsep=\skip60
\multicolbaselineskip=\skip61
\partial@page=\box60
\last@line=\box61
\maxbalancingoverflow=\dimen165
\mult@rightbox=\box62
\mult@grightbox=\box63
\mult@gfirstbox=\box64
\mult@firstbox=\box65
\@tempa=\box66
\@tempa=\box67
\@tempa=\box68
\@tempa=\box69
\@tempa=\box70
\@tempa=\box71
\@tempa=\box72
\@tempa=\box73
\@tempa=\box74
\@tempa=\box75
\@tempa=\box76
\@tempa=\box77
\@tempa=\box78
\@tempa=\box79
\@tempa=\box80
\@tempa=\box81
\@tempa=\box82
\@tempa=\box83
\@tempa=\box84
\@tempa=\box85
\@tempa=\box86
\@tempa=\box87
\@tempa=\box88
\@tempa=\box89
\@tempa=\box90
\@tempa=\box91
\@tempa=\box92
\@tempa=\box93
\@tempa=\box94
\@tempa=\box95
\@tempa=\box96
\@tempa=\box97
\@tempa=\box98
\@tempa=\box99
\@tempa=\box100
\@tempa=\box101
\@tempa=\box102
\c@minrows=\count277
\c@columnbadness=\count278
\c@finalcolumnbadness=\count279
\last@try=\dimen166
\multicolovershoot=\dimen167
\multicolundershoot=\dimen168
\mult@nat@firstbox=\box103
\colbreak@box=\box104
\mc@col@check@num=\count280
)
("C:\Program Files\MiKTeX 2.9\tex/latex/multirow\multirow.sty"
Package: multirow 2019/05/31 v2.5 Span multiple rows of a table
\multirow@colwidth=\skip62
\multirow@cntb=\count281
\multirow@dima=\skip63
\bigstrutjot=\dimen169
)
("C:\Program Files\MiKTeX 2.9\tex/latex/hanging\hanging.sty"
Package: hanging 2009/09/02 v1.2b hanging paragraphs and punctuation
\h@ngcommawd=\skip64
\h@ngfstopwd=\skip65
\h@ngquotewd=\skip66
\h@ngdquotewd=\skip67
\h@ngquerywd=\skip68
\h@ngexclwd=\skip69
\h@ngcolonwd=\skip70
\h@ngscolonwd=\skip71
)
("C:\Program Files\MiKTeX 2.9\tex/generic/iftex\ifpdf.sty"
Package: ifpdf 2019/10/25 v3.4 ifpdf legacy package. Use iftex instead.

("C:\Program Files\MiKTeX 2.9\tex/generic/iftex\iftex.sty"
Package: iftex 2020/03/06 v1.0d TeX engine tests
))
("C:\Program Files\MiKTeX 2.9\tex/latex/adjustbox\adjustbox.sty"
Package: adjustbox 2020/08/19 v1.3 Adjusting TeX boxes (trim, clip, ...)

("C:\Program Files\MiKTeX 2.9\tex/latex/xkeyval\xkeyval.sty"
Package: xkeyval 2014/12/03 v2.7a package option processing (HA)

("C:\Program Files\MiKTeX 2.9\tex/generic/xkeyval\xkeyval.tex"
("C:\Program Files\MiKTeX 2.9\tex/generic/xkeyval\xkvutils.tex"
\XKV@toks=\toks26
\XKV@tempa@toks=\toks27
)
\XKV@depth=\count282
File: xkeyval.tex 2014/12/03 v2.7a key=value parser (HA)
))
("C:\Program Files\MiKTeX 2.9\tex/latex/adjustbox\adjcalc.sty"
Package: adjcalc 2012/05/16 v1.1 Provides advanced setlength with multiple back
-ends (calc, etex, pgfmath)
)
("C:\Program Files\MiKTeX 2.9\tex/latex/adjustbox\trimclip.sty"
Package: trimclip 2020/08/19 v1.2 Trim and clip general TeX material

("C:\Program Files\MiKTeX 2.9\tex/latex/graphics\graphicx.sty"
Package: graphicx 2020/09/09 v1.2b Enhanced LaTeX Graphics (DPC,SPQR)

("C:\Program Files\MiKTeX 2.9\tex/latex/graphics\graphics.sty"
Package: graphics 2020/08/30 v1.4c Standard LaTeX Graphics (DPC,SPQR)

("C:\Program Files\MiKTeX 2.9\tex/latex/graphics\trig.sty"
Package: trig 2016/01/03 v1.10 sin cos tan (DPC)
)
("C:\Program Files\MiKTeX 2.9\tex/latex/graphics-cfg\graphics.cfg"
File: graphics.cfg 2016/06/04 v1.11 sample graphics configuration
)
Package graphics Info: Driver file: pdftex.def on input line 105.
)
\Gin@req@height=\dimen170
\Gin@req@width=\dimen171
)
("C:\Program Files\MiKTeX 2.9\tex/latex/collectbox\collectbox.sty"
Package: collectbox 2012/05/17 v0.4b Collect macro arguments as boxes
\collectedbox=\box105
)
\tc@llx=\dimen172
\tc@lly=\dimen173
\tc@urx=\dimen174
\tc@ury=\dimen175
Package trimclip Info: Using driver 'tc-pdftex.def'.

("C:\Program Files\MiKTeX 2.9\tex/latex/adjustbox\tc-pdftex.def"
File: tc-pdftex.def 2019/01/04 v2.2 Clipping driver for pdftex
))
\adjbox@Width=\dimen176
\adjbox@Height=\dimen177
\adjbox@Depth=\dimen178
\adjbox@Totalheight=\dimen179
\adjbox@pwidth=\dimen180
\adjbox@pheight=\dimen181
\adjbox@pdepth=\dimen182
\adjbox@ptotalheight=\dimen183

("C:\Program Files\MiKTeX 2.9\tex/latex/ifoddpage\ifoddpage.sty"
Package: ifoddpage 2016/04/23 v1.1 Conditionals for odd/even page detection
\c@checkoddpage=\count283
))
("C:\Program Files\MiKTeX 2.9\tex/latex/amsfonts\amssymb.sty"
Package: amssymb 2013/01/14 v3.01 AMS font symbols

("C:\Program Files\MiKTeX 2.9\tex/latex/amsfonts\amsfonts.sty"
Package: amsfonts 2013/01/14 v3.01 Basic AMSFonts support
\@emptytoks=\toks28
\symAMSa=\mathgroup4
\symAMSb=\mathgroup5
LaTeX Font Info:    Redeclaring math symbol \hbar on input line 98.
LaTeX Font Info:    Overwriting math alphabet `\mathfrak' in version `bold'
(Font)                  U/euf/m/n --> U/euf/b/n on input line 106.
))
("C:\Program Files\MiKTeX 2.9\tex/latex/stackengine\stackengine.sty"
Package: stackengine 2017/02/13 v4.01\ Stacking text and objects in convenient 
ways

("C:\Program Files\MiKTeX 2.9\tex/latex/etoolbox\etoolbox.sty"
Package: etoolbox 2020/10/05 v2.5k e-TeX tools for LaTeX (JAW)
\etb@tempcnta=\count284
)
("C:\Program Files\MiKTeX 2.9\tex/latex/listofitems\listofitems.sty"
("C:\Program Files\MiKTeX 2.9\tex/generic/listofitems\listofitems.tex"
\loi_cnt_foreach_nest=\count285
\loi_nestcnt=\count286
)
Package: listofitems 2019/08/21 v1.63 Grab items in lists using user-specified 
sep char (CT)
)
\c@@stackindex=\count287
\@boxshift=\skip72
\stack@tmplength=\skip73
\temp@stkl=\skip74
\@stackedboxwidth=\skip75
\@addedbox=\box106
\@anchorbox=\box107
\stackedbox=\box108
\@centerbox=\box109
\c@ROWcellindex@=\count288
)
("C:\Program Files\MiKTeX 2.9\tex/latex/ulem\ulem.sty"
\UL@box=\box110
\UL@hyphenbox=\box111
\UL@skip=\skip76
\UL@hook=\toks29
\UL@height=\dimen184
\UL@pe=\count289
\UL@pixel=\dimen185
\ULC@box=\box112
Package: ulem 2019/11/18
\ULdepth=\dimen186
)
\xrefbox=\box113
\xreflength=\skip77
\CodeWidthChar=\skip78
\CodeHeightChar=\skip79
\DoxyCodeWidth=\skip80
)
("C:\Program Files\MiKTeX 2.9\tex/latex/base\inputenc.sty"
Package: inputenc 2020/08/01 v1.3d Input encoding file
\inpenc@prehook=\toks30
\inpenc@posthook=\toks31
)
("C:\Program Files\MiKTeX 2.9\tex/latex/base\makeidx.sty"
Package: makeidx 2014/09/29 v1.0m Standard LaTeX package
)
("C:\Program Files\MiKTeX 2.9\tex/latex/base\textcomp.sty"
Package: textcomp 2020/02/02 v2.0n Standard LaTeX package
)
("C:\Program Files\MiKTeX 2.9\tex/latex/wasysym\wasysym.sty"
Package: wasysym 2020/01/19 v2.4 Wasy-2 symbol support package
\symwasy=\mathgroup6
LaTeX Font Info:    Overwriting symbol font `wasy' in version `bold'
(Font)                  U/wasy/m/n --> U/wasy/b/n on input line 93.
)
("C:\Program Files\MiKTeX 2.9\tex/generic/iftex\ifxetex.sty"
Package: ifxetex 2019/10/25 v0.7 ifxetex legacy package. Use iftex instead.
)
("C:\Program Files\MiKTeX 2.9\tex/latex/base\fontenc.sty"
Package: fontenc 2020/08/10 v2.0s Standard LaTeX package
)
("C:\Program Files\MiKTeX 2.9\tex/latex/psnfss\helvet.sty"
Package: helvet 2020/03/25 PSNFSS-v9.3 (WaS) 
)
("C:\Program Files\MiKTeX 2.9\tex/latex/psnfss\courier.sty"
Package: courier 2020/03/25 PSNFSS-v9.3 (WaS) 
)
("C:\Program Files\MiKTeX 2.9\tex/latex/sectsty\sectsty.sty"
Package: sectsty 2002/02/25 v2.0.2 Commands to change all sectional heading sty
les


LaTeX Warning: Command \underbar  has changed.
               Check if current package is valid.


LaTeX Warning: Command \underline  has changed.
               Check if current package is valid.

) ("C:\Program Files\MiKTeX 2.9\tex/latex/geometry\geometry.sty"
Package: geometry 2020/01/02 v5.9 Page Geometry

("C:\Program Files\MiKTeX 2.9\tex/generic/iftex\ifvtex.sty"
Package: ifvtex 2019/10/25 v1.7 ifvtex legacy package. Use iftex instead.
)
\Gm@cnth=\count290
\Gm@cntv=\count291
\c@Gm@tempcnt=\count292
\Gm@bindingoffset=\dimen187
\Gm@wd@mp=\dimen188
\Gm@odd@mp=\dimen189
\Gm@even@mp=\dimen190
\Gm@layoutwidth=\dimen191
\Gm@layoutheight=\dimen192
\Gm@layouthoffset=\dimen193
\Gm@layoutvoffset=\dimen194
\Gm@dimlist=\toks32

("C:\Program Files\MiKTeX 2.9\tex/latex/geometry\geometry.cfg"))
("C:\Program Files\MiKTeX 2.9\tex/latex/fancyhdr\fancyhdr.sty"
Package: fancyhdr 2021/01/04 v4.0 Extensive control of page headers and footers

\f@nch@headwidth=\skip81
\f@nch@O@elh=\skip82
\f@nch@O@erh=\skip83
\f@nch@O@olh=\skip84
\f@nch@O@orh=\skip85
\f@nch@O@elf=\skip86
\f@nch@O@erf=\skip87
\f@nch@O@olf=\skip88
\f@nch@O@orf=\skip89
)
("C:\Program Files\MiKTeX 2.9\tex/latex/natbib\natbib.sty"
Package: natbib 2010/09/13 8.31b (PWD, AO)
\bibhang=\skip90
\bibsep=\skip91
LaTeX Info: Redefining \cite on input line 694.
\c@NAT@ctr=\count293
)
("C:\Program Files\MiKTeX 2.9\tex/latex/tocloft\tocloft.sty"
Package: tocloft 2017/08/31 v2.3i parameterised ToC, etc., typesetting
Package tocloft Info: The document has chapter divisions on input line 51.
\cftparskip=\skip92
\cftbeforetoctitleskip=\skip93
\cftaftertoctitleskip=\skip94
\cftbeforepartskip=\skip95
\cftpartnumwidth=\skip96
\cftpartindent=\skip97
\cftbeforechapskip=\skip98
\cftchapindent=\skip99
\cftchapnumwidth=\skip100
\cftbeforesecskip=\skip101
\cftsecindent=\skip102
\cftsecnumwidth=\skip103
\cftbeforesubsecskip=\skip104
\cftsubsecindent=\skip105
\cftsubsecnumwidth=\skip106
\cftbeforesubsubsecskip=\skip107
\cftsubsubsecindent=\skip108
\cftsubsubsecnumwidth=\skip109
\cftbeforeparaskip=\skip110
\cftparaindent=\skip111
\cftparanumwidth=\skip112
\cftbeforesubparaskip=\skip113
\cftsubparaindent=\skip114
\cftsubparanumwidth=\skip115
\cftbeforeloftitleskip=\skip116
\cftafterloftitleskip=\skip117
\cftbeforefigskip=\skip118
\cftfigindent=\skip119
\cftfignumwidth=\skip120
\c@lofdepth=\count294
\c@lotdepth=\count295
\cftbeforelottitleskip=\skip121
\cftafterlottitleskip=\skip122
\cftbeforetabskip=\skip123
\cfttabindent=\skip124
\cfttabnumwidth=\skip125
)
\@indexfile=\write4
\openout4 = `refman.idx'.


Writing index file refman.idx
("C:\Program Files\MiKTeX 2.9\tex/latex/newunicodechar\newunicodechar.sty"
Package: newunicodechar 2018/04/08 v1.2 Defining Unicode characters
)

Package newunicodechar Warning: Redefining Unicode character on input line 116.



Package newunicodechar Warning: Redefining Unicode character on input line 117.


("C:\Program Files\MiKTeX 2.9\tex/latex/hyperref\hyperref.sty"
Package: hyperref 2020-05-15 v7.00e Hypertext links for LaTeX

("C:\Program Files\MiKTeX 2.9\tex/generic/ltxcmds\ltxcmds.sty"
Package: ltxcmds 2020-05-10 v1.25 LaTeX kernel commands for general use (HO)
)
("C:\Program Files\MiKTeX 2.9\tex/generic/pdftexcmds\pdftexcmds.sty"
Package: pdftexcmds 2020-06-27 v0.33 Utility functions of pdfTeX for LuaTeX (HO
)

("C:\Program Files\MiKTeX 2.9\tex/generic/infwarerr\infwarerr.sty"
Package: infwarerr 2019/12/03 v1.5 Providing info/warning/error messages (HO)
)
Package pdftexcmds Info: \pdf@primitive is available.
Package pdftexcmds Info: \pdf@ifprimitive is available.
Package pdftexcmds Info: \pdfdraftmode found.
)
("C:\Program Files\MiKTeX 2.9\tex/generic/kvsetkeys\kvsetkeys.sty"
Package: kvsetkeys 2019/12/15 v1.18 Key value parser (HO)
)
("C:\Program Files\MiKTeX 2.9\tex/generic/kvdefinekeys\kvdefinekeys.sty"
Package: kvdefinekeys 2019-12-19 v1.6 Define keys (HO)
)
("C:\Program Files\MiKTeX 2.9\tex/generic/pdfescape\pdfescape.sty"
Package: pdfescape 2019/12/09 v1.15 Implements pdfTeX's escape features (HO)
)
("C:\Program Files\MiKTeX 2.9\tex/latex/hycolor\hycolor.sty"
Package: hycolor 2020-01-27 v1.10 Color options for hyperref/bookmark (HO)
)
("C:\Program Files\MiKTeX 2.9\tex/latex/letltxmacro\letltxmacro.sty"
Package: letltxmacro 2019/12/03 v1.6 Let assignment for LaTeX macros (HO)
)
("C:\Program Files\MiKTeX 2.9\tex/latex/auxhook\auxhook.sty"
Package: auxhook 2019-12-17 v1.6 Hooks for auxiliary files (HO)
)
("C:\Program Files\MiKTeX 2.9\tex/latex/kvoptions\kvoptions.sty"
Package: kvoptions 2019/11/29 v3.13 Key value format for package options (HO)
)
\@linkdim=\dimen195
\Hy@linkcounter=\count296
\Hy@pagecounter=\count297

("C:\Program Files\MiKTeX 2.9\tex/latex/hyperref\pd1enc.def"
File: pd1enc.def 2020-05-15 v7.00e Hyperref: PDFDocEncoding definition (HO)
Now handling font encoding PD1 ...
... no UTF-8 mapping file for font encoding PD1
)
("C:\Program Files\MiKTeX 2.9\tex/generic/intcalc\intcalc.sty"
Package: intcalc 2019/12/15 v1.3 Expandable calculations with integers (HO)
)
("C:\Program Files\MiKTeX 2.9\tex/generic/etexcmds\etexcmds.sty"
Package: etexcmds 2019/12/15 v1.7 Avoid name clashes with e-TeX commands (HO)
)
\Hy@SavedSpaceFactor=\count298
Package hyperref Info: Hyper figures OFF on input line 4464.
Package hyperref Info: Link nesting OFF on input line 4469.
Package hyperref Info: Hyper index ON on input line 4472.
Package hyperref Info: Plain pages OFF on input line 4479.
Package hyperref Info: Backreferencing ON on input line 4482.
Package hyperref Info: Implicit mode ON; LaTeX internals redefined.
Package hyperref Info: Bookmarks ON on input line 4717.

("C:\Program Files\MiKTeX 2.9\tex/latex/hyperref\backref.sty"
Package: backref 2020/01/14 v1.40 Bibliographical back referencing

("C:\Program Files\MiKTeX 2.9\tex/latex/rerunfilecheck\rerunfilecheck.sty"
Package: rerunfilecheck 2019/12/05 v1.9 Rerun checks for auxiliary files (HO)

("C:\Program Files\MiKTeX 2.9\tex/latex/base\atveryend-ltx.sty"
Package: atveryend-ltx 2020/08/19 v1.0a Emulation of the original atvery packag
e
with kernel methods
)
("C:\Program Files\MiKTeX 2.9\tex/generic/uniquecounter\uniquecounter.sty"
Package: uniquecounter 2019/12/15 v1.4 Provide unlimited unique counter (HO)

("C:\Program Files\MiKTeX 2.9\tex/generic/bigintcalc\bigintcalc.sty"
Package: bigintcalc 2019/12/15 v1.5 Expandable calculations on big integers (HO
)
))
Package uniquecounter Info: New unique counter `rerunfilecheck' on input line 2
86.
))
\c@Hy@tempcnt=\count299

("C:\Program Files\MiKTeX 2.9\tex/latex/url\url.sty"
\Urlmuskip=\muskip16
Package: url 2013/09/16  ver 3.4  Verb mode for urls, etc.
)
LaTeX Info: Redefining \url on input line 5076.
\XeTeXLinkMargin=\dimen196

("C:\Program Files\MiKTeX 2.9\tex/generic/bitset\bitset.sty"
Package: bitset 2019/12/09 v1.3 Handle bit-vector datatype (HO)
)
\Fld@menulength=\count300
\Field@Width=\dimen197
\Fld@charsize=\dimen198
Package hyperref Info: Hyper figures OFF on input line 6347.
Package hyperref Info: Link nesting OFF on input line 6352.
Package hyperref Info: Hyper index ON on input line 6355.
Package hyperref Info: backreferencing ON on input line 6360.
Package hyperref Info: Link coloring OFF on input line 6367.
Package hyperref Info: Link coloring with OCG OFF on input line 6372.
Package hyperref Info: PDF/A mode OFF on input line 6377.
LaTeX Info: Redefining \ref on input line 6417.
LaTeX Info: Redefining \pageref on input line 6421.

("C:\Program Files\MiKTeX 2.9\tex/latex/base\atbegshi-ltx.sty"
Package: atbegshi-ltx 2020/08/17 v1.0a Emulation of the original atbegshi packa
ge
with kernel methods
)
\Hy@abspage=\count301
\c@Item=\count302
\c@Hfootnote=\count303
)
Package hyperref Info: Driver: hpdftex.

("C:\Program Files\MiKTeX 2.9\tex/latex/hyperref\hpdftex.def"
File: hpdftex.def 2020-05-15 v7.00e Hyperref driver for pdfTeX
\Fld@listcount=\count304
\c@bookmark@seq@number=\count305
\Hy@SectionHShift=\skip126
)
Package hyperref Info: Option `colorlinks' set `true' on input line 134.
Package hyperref Info: Option `unicode' set `true' on input line 134.

("C:\Program Files\MiKTeX 2.9\tex/latex/hyperref\puenc.def"
File: puenc.def 2020-05-15 v7.00e Hyperref: PDF Unicode definition (HO)
Now handling font encoding PU ...
... no UTF-8 mapping file for font encoding PU
)
("C:\Program Files\MiKTeX 2.9\tex/latex/caption\caption.sty"
Package: caption 2020/10/26 v3.5g Customizing captions (AR)

("C:\Program Files\MiKTeX 2.9\tex/latex/caption\caption3.sty"
Package: caption3 2020/10/21 v2.2e caption3 kernel (AR)
\captionmargin=\dimen199
\captionmargin@=\dimen256
\captionwidth=\dimen257
\caption@tempdima=\dimen258
\caption@indent=\dimen259
\caption@parindent=\dimen260
\caption@hangindent=\dimen261
Package caption Info: Standard document class detected.
)
\c@caption@flags=\count306
\c@continuedfloat=\count307
Package caption Info: float package is loaded.
Package caption Info: hyperref package is loaded.
Package caption Info: longtable package is loaded.

("C:\Program Files\MiKTeX 2.9\tex/latex/caption\ltcaption.sty"
Package: ltcaption 2020/05/30 v1.4b longtable captions (AR)
))
("C:\Program Files\MiKTeX 2.9\tex/latex/etoc\etoc.sty"
Package: etoc 2020/05/15 v1.09c Completely customisable TOCs (JFB)
\Etoc@toctoks=\toks33
\c@etoc@tocid=\count308
\c@etoc@tocdepth=\count309
\etoc@framed@titlebox=\box114
\etoc@framed@contentsbox=\box115
)
LaTeX Font Info:    Trying to load font information for T1+phv on input line 15
0.

("C:\Program Files\MiKTeX 2.9\tex/latex/psnfss\t1phv.fd"
File: t1phv.fd 2020/03/25 scalable font definitions for T1/phv.
)
LaTeX Font Info:    Font shape `T1/phv/m/n' will be
(Font)              scaled to size 8.99994pt on input line 150.

("C:\Program Files\MiKTeX 2.9\tex/latex/l3backend\l3backend-pdftex.def"
File: l3backend-pdftex.def 2020-09-24 L3 backend support: PDF output (pdfTeX)
\l__kernel_color_stack_int=\count310
\l__pdf_internal_box=\box116
)
(refman.aux)
\openout1 = `refman.aux'.

LaTeX Font Info:    Checking defaults for OML/cmm/m/it on input line 150.
LaTeX Font Info:    ... okay on input line 150.
LaTeX Font Info:    Checking defaults for OMS/cmsy/m/n on input line 150.
LaTeX Font Info:    ... okay on input line 150.
LaTeX Font Info:    Checking defaults for OT1/cmr/m/n on input line 150.
LaTeX Font Info:    ... okay on input line 150.
LaTeX Font Info:    Checking defaults for T1/cmr/m/n on input line 150.
LaTeX Font Info:    ... okay on input line 150.
LaTeX Font Info:    Checking defaults for TS1/cmr/m/n on input line 150.
LaTeX Font Info:    ... okay on input line 150.
LaTeX Font Info:    Checking defaults for OMX/cmex/m/n on input line 150.
LaTeX Font Info:    ... okay on input line 150.
LaTeX Font Info:    Checking defaults for U/cmr/m/n on input line 150.
LaTeX Font Info:    ... okay on input line 150.
LaTeX Font Info:    Checking defaults for PD1/pdf/m/n on input line 150.
LaTeX Font Info:    ... okay on input line 150.
LaTeX Font Info:    Checking defaults for PU/pdf/m/n on input line 150.
LaTeX Font Info:    ... okay on input line 150.
 ("C:\Program Files\MiKTeX 2.9\tex/context/base/mkii\supp-pdf.mkii"
[Loading MPS to PDF converter (version 2006.09.02).]
\scratchcounter=\count311
\scratchdimen=\dimen262
\scratchbox=\box117
\nofMPsegments=\count312
\nofMParguments=\count313
\everyMPshowfont=\toks34
\MPscratchCnt=\count314
\MPscratchDim=\dimen263
\MPnumerator=\count315
\makeMPintoPDFobject=\count316
\everyMPtoPDFconversion=\toks35
) ("C:\Program Files\MiKTeX 2.9\tex/latex/epstopdf-pkg\epstopdf-base.sty"
Package: epstopdf-base 2020-01-24 v2.11 Base part for package epstopdf
Package epstopdf-base Info: Redefining graphics rule for `.eps' on input line 4
85.
)
*geometry* driver: auto-detecting
*geometry* detected driver: pdftex
*geometry* verbose mode - [ preamble ] result:
* driver: pdftex
* paper: a4paper
* layout: <same size as paper>
* layoutoffset:(h,v)=(0.0pt,0.0pt)
* modes: twoside 
* h-part:(L,W,R)=(71.13188pt, 455.24411pt, 71.13188pt)
* v-part:(T,H,B)=(71.13188pt, 702.78308pt, 71.13188pt)
* \paperwidth=597.50787pt
* \paperheight=845.04684pt
* \textwidth=455.24411pt
* \textheight=702.78308pt
* \oddsidemargin=-1.1381pt
* \evensidemargin=-1.1381pt
* \topmargin=-31.2056pt
* \headheight=12.0pt
* \headsep=18.06749pt
* \topskip=10.0pt
* \footskip=25.29494pt
* \marginparwidth=125.0pt
* \marginparsep=7.0pt
* \columnsep=10.0pt
* \skip\footins=9.0pt plus 4.0pt minus 2.0pt
* \hoffset=0.0pt
* \voffset=0.0pt
* \mag=1000
* \@twocolumnfalse
* \@twosidetrue
* \@mparswitchtrue
* \@reversemarginfalse
* (1in=72.27pt=25.4mm, 1cm=28.453pt)

Package hyperref Info: Link coloring ON on input line 150.
("C:\Program Files\MiKTeX 2.9\tex/latex/hyperref\nameref.sty"
Package: nameref 2019/09/16 v2.46 Cross-referencing by name of section

("C:\Program Files\MiKTeX 2.9\tex/latex/refcount\refcount.sty"
Package: refcount 2019/12/15 v3.6 Data extraction from label references (HO)
)
("C:\Program Files\MiKTeX 2.9\tex/generic/gettitlestring\gettitlestring.sty"
Package: gettitlestring 2019/12/15 v1.6 Cleanup title references (HO)
)
\c@section@level=\count317
)
LaTeX Info: Redefining \ref on input line 150.
LaTeX Info: Redefining \pageref on input line 150.
LaTeX Info: Redefining \nameref on input line 150.

(refman.out) (refman.out)
\@outlinefile=\write5
\openout5 = `refman.out'.

Package backref Info: ** backref set up for natbib ** on input line 150.
Package caption Info: Begin \AtBeginDocument code.
Package caption Info: End \AtBeginDocument code.
\Etoc@tf=\read4
Package hyperref Info: Option `pageanchor' set `false' on input line 158.
Package hyperref Info: Option `bookmarksnumbered' set `true' on input line 158.

Package hyperref Info: Option `unicode' set `true' on input line 158.
LaTeX Font Info:    Font shape `T1/phv/m/n' will be
(Font)              scaled to size 12.9599pt on input line 163.
LaTeX Font Info:    Font shape `T1/phv/m/n' will be
(Font)              scaled to size 6.29996pt on input line 163.
LaTeX Font Info:    Trying to load font information for U+msa on input line 163
.

("C:\Program Files\MiKTeX 2.9\tex/latex/amsfonts\umsa.fd"
File: umsa.fd 2013/01/14 v3.01 AMS symbols A
)
LaTeX Font Info:    Trying to load font information for U+msb on input line 163
.

("C:\Program Files\MiKTeX 2.9\tex/latex/amsfonts\umsb.fd"
File: umsb.fd 2013/01/14 v3.01 AMS symbols B
)
LaTeX Font Info:    Trying to load font information for U+wasy on input line 16
3.

("C:\Program Files\MiKTeX 2.9\tex/latex/wasysym\uwasy.fd"
File: uwasy.fd 2020/01/19 v2.4 Wasy-2 symbol font definitions
)
LaTeX Font Info:    Font shape `T1/phv/m/n' will be
(Font)              scaled to size 10.79993pt on input line 165.
 [1


{C:/Users/Eric/AppData/Local/MiKTeX/2.9/pdftex/config/pdftex.map}] [2

]
\tf@toc=\write6
\openout6 = `refman.toc'.

LaTeX Font Info:    Font shape `T1/phv/b/n' will be
(Font)              scaled to size 8.99994pt on input line 171.
LaTeX Font Info:    Font shape `T1/phv/b/n' will be
(Font)              scaled to size 6.29996pt on input line 171.
 [1] [2] [3] [4

]
Package hyperref Info: Option `pageanchor' set `true' on input line 174.

Chapter 1.
LaTeX Font Info:    Font shape `T1/phv/m/n' will be
(Font)              scaled to size 18.66588pt on input line 176.
LaTeX Font Info:    Font shape `T1/phv/b/n' will be
(Font)              scaled to size 18.66588pt on input line 176.
LaTeX Font Info:    Font shape `T1/phv/bc/n' will be
(Font)              scaled to size 18.66588pt on input line 176.
LaTeX Font Info:    Font shape `T1/phv/m/n' will be
(Font)              scaled to size 22.39185pt on input line 176.
LaTeX Font Info:    Font shape `T1/phv/b/n' will be
(Font)              scaled to size 22.39185pt on input line 176.
LaTeX Font Info:    Font shape `T1/phv/bc/n' will be
(Font)              scaled to size 22.39185pt on input line 176.
LaTeX Font Info:    Font shape `T1/phv/bc/n' will be
(Font)              scaled to size 6.29996pt on input line 176.
(index.tex
LaTeX Font Info:    Trying to load font information for T1+pcr on input line 3.

 ("C:\Program Files\MiKTeX 2.9\tex/latex/psnfss\t1pcr.fd"
File: t1pcr.fd 2001/06/04 font definitions for T1/pcr.
)
LaTeX Font Info:    Font shape `T1/phv/b/n' will be
(Font)              scaled to size 12.9599pt on input line 9.
LaTeX Font Info:    Trying to load font information for TS1+phv on input line 1
2.

("C:\Program Files\MiKTeX 2.9\tex/latex/psnfss\ts1phv.fd"
File: ts1phv.fd 2020/03/25 scalable font definitions for TS1/phv.
)
LaTeX Font Info:    Font shape `TS1/phv/m/n' will be
(Font)              scaled to size 8.99994pt on input line 12.
LaTeX Font Info:    Font shape `T1/phv/b/n' will be
(Font)              scaled to size 10.79993pt on input line 16.

Underfull \hbox (badness 896) in paragraph at lines 17--17
\T1/pcr/m/n/10 sfsc[]_[]types.[]h \T1/phv/m/n/10 con-tains dec-la-ra-tions of d
if-fer-ent datatypes. If your plat-form pro-vides \T1/pcr/m/n/10 stdint.[]h \T1
/phv/m/n/10 and
 []

[1

]
LaTeX Font Info:    Font shape `T1/phv/m/it' in size <10> not available
(Font)              Font shape `T1/phv/m/sl' tried instead on input line 18.
LaTeX Font Info:    Font shape `T1/phv/m/sl' will be
(Font)              scaled to size 8.99994pt on input line 18.
LaTeX Font Info:    Font shape `T1/phv/m/it' in size <7> not available
(Font)              Font shape `T1/phv/m/sl' tried instead on input line 18.
LaTeX Font Info:    Font shape `T1/phv/m/sl' will be
(Font)              scaled to size 6.29996pt on input line 18.
LaTeX Font Info:    Trying to load font information for TS1+pcr on input line 2
6.
 ("C:\Program Files\MiKTeX 2.9\tex/latex/psnfss\ts1pcr.fd"
File: ts1pcr.fd 2001/06/04 font definitions for TS1/pcr.
) [2] [3] [4]
Underfull \hbox (badness 10000) in paragraph at lines 102--102
[]\T1/phv/m/n/10 REPLAYS[]_[][]PER[]_[][]
 []


Underfull \hbox (badness 10000) in paragraph at lines 102--102
[]\T1/pcr/m/n/10 sfsc[]_[]
 []


Underfull \hbox (badness 10000) in paragraph at lines 102--102
\T1/pcr/m/n/10 adapter[]_[]
 []


Underfull \hbox (badness 10000) in paragraph at lines 102--102
[]\T1/phv/m/n/10 The max-i-mum
 []


Underfull \hbox (badness 10000) in paragraph at lines 102--102
\T1/phv/m/n/10 num-ber of mi-
 []


Underfull \hbox (badness 10000) in paragraph at lines 102--102
\T1/phv/m/n/10 cro steps that
 []


Underfull \hbox (badness 3930) in paragraph at lines 102--102
\T1/phv/m/n/10 tion in-vo-ca-tion, 0
 []


Underfull \hbox (badness 1490) in paragraph at lines 102--102
\T1/phv/m/n/10 there are 6 items
 []


Underfull \hbox (badness 4899) in paragraph at lines 102--102
\T1/phv/m/n/10 in the user ring,
 []


Underfull \hbox (badness 8056) in paragraph at lines 102--102
\T1/phv/m/n/10 and REPLAYS[]_[][]
 []


Underfull \hbox (badness 2846) in paragraph at lines 102--102
\T1/phv/m/n/10 PER[]_[][]TASK is set
 []


Underfull \hbox (badness 1163) in paragraph at lines 102--102
\T1/phv/m/n/10 4 of them will be
 []


Underfull \hbox (badness 5036) in paragraph at lines 102--102
\T1/phv/m/n/10 pro-cessed in this
 []


Underfull \hbox (badness 6675) in paragraph at lines 102--102
\T1/pcr/m/n/10 user[]_[]task \T1/phv/m/n/10 call,
 []


Underfull \hbox (badness 931) in paragraph at lines 102--102
\T1/phv/m/n/10 wait un-til the next
 []


Underfull \hbox (badness 10000) in paragraph at lines 102--102
[]\T1/phv/m/n/10 HEARTBEAT[]_[][]
 []


Underfull \hbox (badness 10000) in paragraph at lines 102--102
[]\T1/pcr/m/n/10 sfsc[]_[]
 []


Underfull \hbox (badness 10000) in paragraph at lines 102--102
\T1/pcr/m/n/10 adapter[]_[]
 []


Underfull \hbox (badness 10000) in paragraph at lines 102--102
[]\T1/phv/m/n/10 HEARTBEAT[]
 []


Underfull \hbox (badness 10000) in paragraph at lines 102--102
\T1/phv/m/n/10 _[][]DEADLINE[]_[][]
 []


Underfull \hbox (badness 10000) in paragraph at lines 102--102
[]\T1/pcr/m/n/10 sfsc[]_[]
 []


Underfull \hbox (badness 10000) in paragraph at lines 102--102
\T1/pcr/m/n/10 adapter[]_[]
 []


Underfull \hbox (badness 10000) in paragraph at lines 102--102
[]\T1/phv/m/n/10 HEARTBEAT[]_[][]
 []


Underfull \hbox (badness 10000) in paragraph at lines 102--102
\T1/phv/m/n/10 SEND[]_[][]RATE[]_[][]MS
 []


Underfull \hbox (badness 10000) in paragraph at lines 102--102
\T1/phv/m/n/10 one heart-beat in
 []


Underfull \hbox (badness 1303) in paragraph at lines 102--102
\T1/phv/m/n/10 this time (de-noted
 []


Underfull \hbox (badness 10000) in paragraph at lines 102--102
\T1/phv/m/n/10 in mil-lisec-onds)
 []


Underfull \hbox (badness 2875) in paragraph at lines 102--102
\T1/phv/m/n/10 - most likely due
 []


Underfull \hbox (badness 2351) in paragraph at lines 102--102
\T1/phv/m/n/10 to the \T1/pcr/m/n/10 system[]
 []


Underfull \hbox (badness 10000) in paragraph at lines 102--102
\T1/pcr/m/n/10 _[]task \T1/phv/m/n/10 func-tion
 []


Underfull \hbox (badness 10000) in paragraph at lines 102--102
\T1/phv/m/n/10 not be-ing called
 []


Underfull \hbox (badness 10000) in paragraph at lines 102--102
\T1/phv/m/n/10 fre-quent enough
 []


Underfull \hbox (badness 1297) in paragraph at lines 102--102
\T1/phv/m/n/10 - an er-ror will be
 []


Underfull \hbox (badness 10000) in paragraph at lines 102--102
[]\T1/phv/m/n/10 HEARTBEAT[]
 []


Underfull \hbox (badness 10000) in paragraph at lines 102--102
\T1/phv/m/n/10 _[][]DEADLINE[]_[][]
 []


Underfull \hbox (badness 10000) in paragraph at lines 102--102
[]\T1/pcr/m/n/10 sfsc[]_[]
 []


Underfull \hbox (badness 10000) in paragraph at lines 102--102
\T1/pcr/m/n/10 adapter[]_[]
 []


Underfull \hbox (badness 4403) in paragraph at lines 102--102
\T1/phv/m/n/10 in mil-lisec-onds in
 []


Underfull \hbox (badness 1383) in paragraph at lines 102--102
\T1/phv/m/n/10 which a heart-beat
 []


Underfull \hbox (badness 1057) in paragraph at lines 102--102
\T1/phv/m/n/10 SFSC ses-sion will
 []


Underfull \hbox (badness 10000) in paragraph at lines 102--102
[]\T1/pcr/m/n/10 sfsc[]_[]
 []


Underfull \hbox (badness 10000) in paragraph at lines 102--102
\T1/pcr/m/n/10 adapter[]_[]
 []


Underfull \hbox (badness 10000) in paragraph at lines 102--102
\T1/phv/m/n/10 in-ef-fi-cient fall-back
 []


Underfull \hbox (badness 841) in paragraph at lines 102--102
\T1/phv/m/n/10 im-ple-men-ta-tions of
 []


Underfull \hbox (badness 5050) in paragraph at lines 102--102
\T1/phv/m/n/10 this func-tions will
 []


Underfull \hbox (badness 10000) in paragraph at lines 102--102
[]\T1/phv/m/n/10 MAX[]_[][]
 []


Underfull \hbox (badness 10000) in paragraph at lines 102--102
[]\T1/pcr/m/n/10 sfsc[]_[]
 []


Underfull \hbox (badness 10000) in paragraph at lines 102--102
\T1/pcr/m/n/10 adapter[]_[]
 []


Underfull \hbox (badness 10000) in paragraph at lines 102--102
[]\T1/phv/m/n/10 Amount of pub-
 []


Underfull \hbox (badness 10000) in paragraph at lines 102--102
\T1/phv/m/n/10 lisher ser-vices,
 []


Underfull \hbox (badness 10000) in paragraph at lines 102--102
\T1/phv/m/n/10 a sin-gle adapter
 []


Underfull \hbox (badness 1769) in paragraph at lines 102--102
\T1/phv/m/n/10 same time. See
 []


Underfull \hbox (badness 10000) in paragraph at lines 102--102
\T1/phv/m/n/10 the \T1/pcr/m/n/10 register[]
 []


Underfull \hbox (badness 10000) in paragraph at lines 102--102
\T1/pcr/m/n/10 _[]publisher
 []


Underfull \hbox (badness 2790) in paragraph at lines 102--102
\T1/phv/m/n/10 func-tion doc-u-men-
 []


Underfull \hbox (badness 10000) in paragraph at lines 102--102
\T1/phv/m/n/10 ta-tion for more
 []


Underfull \hbox (badness 10000) in paragraph at lines 102--102
[]\T1/phv/m/n/10 MAX[]_[][]
 []


Underfull \hbox (badness 10000) in paragraph at lines 102--102
[]\T1/pcr/m/n/10 sfsc[]_[]
 []


Underfull \hbox (badness 10000) in paragraph at lines 102--102
\T1/pcr/m/n/10 adapter[]_[]
 []


Underfull \hbox (badness 10000) in paragraph at lines 102--102
[]\T1/phv/m/n/10 Amount of sub-
 []


Underfull \hbox (badness 3646) in paragraph at lines 102--102
\T1/phv/m/n/10 scrip-tions to pub-
 []


Underfull \hbox (badness 10000) in paragraph at lines 102--102
\T1/phv/m/n/10 lisher ser-vices,
 []


Underfull \hbox (badness 10000) in paragraph at lines 102--102
\T1/phv/m/n/10 a sin-gle adapter
 []


Underfull \hbox (badness 1769) in paragraph at lines 102--102
\T1/phv/m/n/10 same time. See
 []


Underfull \hbox (badness 10000) in paragraph at lines 102--102
\T1/phv/m/n/10 the \T1/pcr/m/n/10 register[]
 []


Underfull \hbox (badness 10000) in paragraph at lines 102--102
\T1/pcr/m/n/10 _[]subscriber
 []


Underfull \hbox (badness 2790) in paragraph at lines 102--102
\T1/phv/m/n/10 func-tion doc-u-men-
 []


Underfull \hbox (badness 10000) in paragraph at lines 102--102
\T1/phv/m/n/10 ta-tion for more
 []


Underfull \hbox (badness 10000) in paragraph at lines 102--102
[]\T1/phv/m/n/10 MAX[]_[][]PENDING[]
 []


Underfull \hbox (badness 10000) in paragraph at lines 102--102
[]\T1/pcr/m/n/10 sfsc[]_[]
 []


Underfull \hbox (badness 10000) in paragraph at lines 102--102
\T1/pcr/m/n/10 adapter[]_[]
 []


Underfull \hbox (badness 10000) in paragraph at lines 102--102
\T1/phv/m/n/10 ac-knowl-edges to
 []


Underfull \hbox (badness 1394) in paragraph at lines 102--102
\T1/phv/m/n/10 trans-mit-ted server-
 []


Underfull \hbox (badness 6961) in paragraph at lines 102--102
\T1/phv/m/n/10 service-answers a
 []


Underfull \hbox (badness 1769) in paragraph at lines 102--102
\T1/phv/m/n/10 same time. See
 []


Underfull \hbox (badness 10000) in paragraph at lines 102--102
\T1/phv/m/n/10 the \T1/pcr/m/n/10 answer[]_[]
 []


Underfull \hbox (badness 10000) in paragraph at lines 102--102
\T1/phv/m/n/10 doc-u-men-ta-tion for
 []


Underfull \hbox (badness 10000) in paragraph at lines 102--102
[]\T1/pcr/m/n/10 sfsc[]_[]
 []


Underfull \hbox (badness 10000) in paragraph at lines 102--102
\T1/pcr/m/n/10 adapter[]_[]
 []


Underfull \hbox (badness 3735) in paragraph at lines 102--102
[]\T1/phv/m/n/10 Amount of server
 []


Underfull \hbox (badness 2189) in paragraph at lines 102--102
\T1/phv/m/n/10 ser-vices, a sin-gle
 []


Underfull \hbox (badness 10000) in paragraph at lines 102--102
\T1/phv/m/n/10 adapter can op-
 []


Underfull \hbox (badness 7379) in paragraph at lines 102--102
\T1/phv/m/n/10 time. See the
 []


Underfull \hbox (badness 10000) in paragraph at lines 102--102
\T1/pcr/m/n/10 register[]_[]
 []


Underfull \hbox (badness 10000) in paragraph at lines 102--102
\T1/pcr/m/n/10 server \T1/phv/m/n/10 func-tion
 []


Underfull \hbox (badness 10000) in paragraph at lines 102--102
\T1/phv/m/n/10 doc-u-men-ta-tion for
 []


Underfull \hbox (badness 10000) in paragraph at lines 102--102
[]\T1/phv/m/n/10 MAX[]_[][]
 []


Underfull \hbox (badness 10000) in paragraph at lines 102--102
\T1/phv/m/n/10 SIMULTANIOUS[]
 []


Underfull \hbox (badness 10000) in paragraph at lines 102--102
[]\T1/pcr/m/n/10 sfsc[]_[]
 []


Underfull \hbox (badness 10000) in paragraph at lines 102--102
\T1/pcr/m/n/10 adapter[]_[]
 []


Underfull \hbox (badness 10000) in paragraph at lines 102--102
[]\T1/phv/m/n/10 Amount of com-
 []


Underfull \hbox (badness 10000) in paragraph at lines 102--102
\T1/phv/m/n/10 mands (used for
 []


Underfull \hbox (badness 10000) in paragraph at lines 102--102
\T1/phv/m/n/10 some-thing from
 []


Underfull \hbox (badness 10000) in paragraph at lines 102--102
\T1/phv/m/n/10 a SFSC cores
 []


Underfull \hbox (badness 1292) in paragraph at lines 102--102
\T1/phv/m/n/10 ser-vice reg-istry) a
 []


Underfull \hbox (badness 1603) in paragraph at lines 102--102
\T1/phv/m/n/10 time. Needed in
 []


Underfull \hbox (badness 10000) in paragraph at lines 102--102
\T1/phv/m/n/10 the \T1/pcr/m/n/10 register[]
 []


Underfull \hbox (badness 10000) in paragraph at lines 102--102
\T1/pcr/m/n/10 _[]publisher\T1/phv/m/n/10 ,
 []


Underfull \hbox (badness 10000) in paragraph at lines 102--102
\T1/pcr/m/n/10 register[]
 []


Underfull \hbox (badness 10000) in paragraph at lines 102--102
\T1/pcr/m/n/10 _[]server \T1/phv/m/n/10 and
 []


Underfull \hbox (badness 10000) in paragraph at lines 102--102
\T1/pcr/m/n/10 unregister[]
 []


Underfull \hbox (badness 10000) in paragraph at lines 102--102
\T1/pcr/m/n/10 _[]publisher\T1/phv/m/n/10 ,
 []


Underfull \hbox (badness 10000) in paragraph at lines 102--102
\T1/pcr/m/n/10 unregister[]_[]
 []


Underfull \hbox (badness 10000) in paragraph at lines 102--102
[]\T1/phv/m/n/10 MAX[]_[][]
 []


Underfull \hbox (badness 10000) in paragraph at lines 102--102
\T1/phv/m/n/10 SIMULTANIOUS[]
 []


Underfull \hbox (badness 10000) in paragraph at lines 102--102
[]\T1/pcr/m/n/10 sfsc[]_[]
 []


Underfull \hbox (badness 10000) in paragraph at lines 102--102
\T1/pcr/m/n/10 adapter[]_[]
 []


Underfull \hbox (badness 10000) in paragraph at lines 102--102
[]\T1/phv/m/n/10 Amount pend-ing
 []


Underfull \hbox (badness 2042) in paragraph at lines 102--102
\T1/phv/m/n/10 (not-yet an-swered)
 []


Underfull \hbox (badness 4378) in paragraph at lines 102--102
\T1/phv/m/n/10 re-quests a sin-gle
 []


Underfull \hbox (badness 1132) in paragraph at lines 102--102
\T1/phv/m/n/10 adapter can make
 []


Underfull \hbox (badness 1005) in paragraph at lines 102--102
\T1/phv/m/n/10 at the same time.
 []


Underfull \hbox (badness 5417) in paragraph at lines 102--102
\T1/phv/m/n/10 func-tion for more
 []


Underfull \hbox (badness 10000) in paragraph at lines 102--102
[]\T1/phv/m/n/10 REGISTRY[]_[][]
 []


Underfull \hbox (badness 10000) in paragraph at lines 102--102
[]\T1/pcr/m/n/10 sfsc[]_[]
 []


Underfull \hbox (badness 10000) in paragraph at lines 102--102
\T1/pcr/m/n/10 adapter[]_[]
 []


Underfull \hbox (badness 10000) in paragraph at lines 102--102
\T1/phv/m/n/10 ser-vice reg-istry,
 []


Underfull \hbox (badness 10000) in paragraph at lines 102--102
\T1/phv/m/n/10 re-ceived ser-vices
 []


Underfull \hbox (badness 10000) in paragraph at lines 102--102
\T1/phv/m/n/10 are stored in a
 []


Underfull \hbox (badness 10000) in paragraph at lines 102--102
\T1/phv/m/n/10 then ZMTP[]_[][]IN[]
 []


Underfull \hbox (badness 10000) in paragraph at lines 102--102
\T1/phv/m/n/10 _[][]BUFFER[]_[][]SIZE
 []


Underfull \hbox (badness 10000) in paragraph at lines 102--102
[]\T1/phv/m/n/10 MAX[]_[][]DELETED[]
 []


Underfull \hbox (badness 10000) in paragraph at lines 102--102
[]\T1/pcr/m/n/10 sfsc[]_[]
 []


Underfull \hbox (badness 10000) in paragraph at lines 102--102
\T1/pcr/m/n/10 adapter[]_[]
 []


Underfull \hbox (badness 10000) in paragraph at lines 102--102
\T1/phv/m/n/10 the white-paper).
 []


Underfull \hbox (badness 6110) in paragraph at lines 102--102
\T1/phv/m/n/10 This value de-ter-
 []


Underfull \hbox (badness 1888) in paragraph at lines 102--102
\T1/phv/m/n/10 mines, how many
 []


Underfull \hbox (badness 2318) in paragraph at lines 102--102
\T1/phv/m/n/10 delete events can
 []


Underfull \hbox (badness 2221) in paragraph at lines 102--102
\T1/phv/m/n/10 be stored; if you
 []


Underfull \hbox (badness 10000) in paragraph at lines 102--102
\T1/phv/m/n/10 know that there
 []


Underfull \hbox (badness 10000) in paragraph at lines 102--102
\T1/phv/m/n/10 in your ser-vice
 []


Underfull \hbox (badness 3623) in paragraph at lines 102--102
\T1/phv/m/n/10 reg-istry, you may
 []


Underfull \hbox (badness 10000) in paragraph at lines 102--102
\T1/phv/m/n/10 want to in-crease
 []


Underfull \hbox (badness 2027) in paragraph at lines 102--102
\T1/phv/m/n/10 this value. Note
 []


Underfull \hbox (badness 2050) in paragraph at lines 102--102
\T1/phv/m/n/10 how-ever, that this
 []


Underfull \hbox (badness 10000) in paragraph at lines 102--102
\T1/phv/m/n/10 the to-tal num-ber
 []


Underfull \hbox (badness 10000) in paragraph at lines 102--102
\T1/phv/m/n/10 you don\TS1/phv/m/n/10 '\T1/phv/m/n/10 t need
 []


Underfull \hbox (badness 4765) in paragraph at lines 102--102
\T1/phv/m/n/10 to set this value
 []


Underfull \hbox (badness 2409) in paragraph at lines 102--102
\T1/phv/m/n/10 to 100, 32 might
 []


Underfull \hbox (badness 1082) in paragraph at lines 102--102
\T1/phv/m/n/10 be fine). To find
 []


Underfull \hbox (badness 10000) in paragraph at lines 102--102
\T1/phv/m/n/10 the value suited
 []


Underfull \hbox (badness 1681) in paragraph at lines 102--102
\T1/phv/m/n/10 the most for your
 []


Underfull \hbox (badness 10000) in paragraph at lines 102--102
\T1/phv/m/n/10 to ex-per-i-ment a
 []


Underfull \hbox (badness 10000) in paragraph at lines 102--102
[]\T1/pcr/m/n/10 sfsc[]_[]
 []


Underfull \hbox (badness 10000) in paragraph at lines 102--102
\T1/pcr/m/n/10 adapter[]_[]
 []


Underfull \hbox (badness 1043) in paragraph at lines 102--102
\T1/phv/m/n/10 ring. The de-fault
 []


Underfull \hbox (badness 10000) in paragraph at lines 102--102
\T1/phv/m/n/10 value is cho-sen
 []


Underfull \hbox (badness 764) in paragraph at lines 102--102
\T1/phv/m/n/10 mes-sage drop, for
 []


Underfull \hbox (badness 10000) in paragraph at lines 102--102
\T1/phv/m/n/10 RAM ca-pa-bil-i-ties,
 []


Underfull \hbox (badness 10000) in paragraph at lines 102--102
\T1/phv/m/n/10 value might be
 []


Underfull \hbox (badness 10000) in paragraph at lines 102--102
[]\T1/pcr/m/n/10 zmtp[]_[]
 []


Underfull \hbox (badness 10000) in paragraph at lines 102--102
[]\T1/phv/m/n/10 Curve en-cryp-tion
 []


Underfull \hbox (badness 918) in paragraph at lines 102--102
\T1/phv/m/n/10 is wip. It is rec-
 []


Underfull \hbox (badness 10000) in paragraph at lines 102--102
\T1/phv/m/n/10 om-mended that
 []


Underfull \hbox (badness 10000) in paragraph at lines 102--102
\T1/phv/m/n/10 you dis-able the
 []


Underfull \hbox (badness 4217) in paragraph at lines 102--102
\T1/phv/m/n/10 CRUVE to speed
 []


Underfull \hbox (badness 10000) in paragraph at lines 102--102
\T1/phv/m/n/10 re-duce the RAM
 []


Underfull \hbox (badness 10000) in paragraph at lines 102--102
[]\T1/phv/m/n/10 ZMTP[]_[][]IN[]_[][]
 []


Underfull \hbox (badness 10000) in paragraph at lines 102--102
[]\T1/pcr/m/n/10 zmtp[]_[]
 []


Underfull \hbox (badness 10000) in paragraph at lines 102--102
[]\T1/phv/m/n/10 The size of the
 []


Underfull \hbox (badness 10000) in paragraph at lines 102--102
\T1/phv/m/n/10 ZMTP re-ceive
 []


Underfull \hbox (badness 3158) in paragraph at lines 102--102
\T1/phv/m/n/10 how big a sin-gle
 []


Underfull \hbox (badness 10000) in paragraph at lines 102--102
\T1/phv/m/n/10 ZMTP mes-sage
 []


Underfull \hbox (badness 3417) in paragraph at lines 102--102
\T1/phv/m/n/10 can be. If you
 []


Underfull \hbox (badness 10000) in paragraph at lines 102--102
\T1/phv/m/n/10 know, that the
 []


Underfull \hbox (badness 5622) in paragraph at lines 102--102
\T1/phv/m/n/10 ser-vices you use
 []


Underfull \hbox (badness 10000) in paragraph at lines 102--102
\T1/phv/m/n/10 need to re-ceive
 []


Underfull \hbox (badness 10000) in paragraph at lines 102--102
\T1/phv/m/n/10 big-ger pay-loads
 []


Underfull \hbox (badness 2334) in paragraph at lines 102--102
\T1/phv/m/n/10 want to sub-scribe
 []


Underfull \hbox (badness 900) in paragraph at lines 102--102
\T1/phv/m/n/10 a pub-lisher whose
 []


Underfull \hbox (badness 10000) in paragraph at lines 102--102
[]\T1/phv/m/n/10 ZMTP[]_[][]
 []


Underfull \hbox (badness 10000) in paragraph at lines 102--102
\T1/phv/m/n/10 METADATA[]_[][]
 []


Underfull \hbox (badness 10000) in paragraph at lines 102--102
[]\T1/pcr/m/n/10 zmtp[]_[]
 []


Underfull \hbox (badness 10000) in paragraph at lines 102--102
[]\T1/phv/m/n/10 ZMTP needs a
 []


Underfull \hbox (badness 2460) in paragraph at lines 102--102
\T1/phv/m/n/10 place to store its
 []


Underfull \hbox (badness 2818) in paragraph at lines 102--102
\T1/phv/m/n/10 meta data. You
 []


Underfull \hbox (badness 940) in paragraph at lines 102--102
\T1/phv/m/n/10 usu-ally don\TS1/phv/m/n/10 '\T1/phv/m/n/10 t need
 []


Underfull \hbox (badness 10000) in paragraph at lines 102--102
\T1/phv/m/n/10 size, un-less you
 []


Underfull \hbox (badness 10000) in paragraph at lines 102--102
\T1/phv/m/n/10 tweak the ZMTP
 []


Underfull \hbox (badness 10000) in paragraph at lines 102--102
\T1/phv/m/n/10 im-ple-men-ta-tion
 []

[5] [6] [7] [8]
Underfull \hbox (badness 1184) in paragraph at lines 106--106
[]\T1/phv/m/n/10 Most func-tions, in-clud-ing the \T1/pcr/m/n/10 system[]_[]tas
k \T1/phv/m/n/10 and \T1/pcr/m/n/10 user[]_[]task \T1/phv/m/n/10 func-tions re-
turn er-ror codes. An er-ror
 []

) [9] [10

]
Chapter 2.
(annotated.tex) [11] [12

]
Chapter 3.
(files.tex

LaTeX Warning: Reference `sfsc__error__codes_8h' on page 13 undefined on input 
line 4.

) [13] [14

]
Chapter 4.
(struct__relative__publisher__tags.tex) (struct__relative__server__tags.tex
[15]) (struct__relative__sfsc__service__descriptor.tex [16])
(struct__sfsc__adapter__stats.tex [17]) (struct__sfsc__buffer.tex)
(struct__sfsc__channel__answer.tex [18]) (struct__sfsc__publisher.tex [19])
(struct__sfsc__publisher__or__server.tex [20]) (struct__sfsc__server.tex
[21]) (struct__sfsc__subscriber.tex [22]) [23] [24

]
Chapter 5.
(sfsc__adapter_8h.tex
Underfull \hbox (badness 10000) in paragraph at lines 8--14

 []

LaTeX Font Info:    Font shape `T1/phv/m/n' will be
(Font)              scaled to size 8.09995pt on input line 18.
LaTeX Font Info:    Font shape `T1/phv/m/it' in size <9> not available
(Font)              Font shape `T1/phv/m/sl' tried instead on input line 18.
LaTeX Font Info:    Font shape `T1/phv/m/sl' will be
(Font)              scaled to size 8.09995pt on input line 18.
[25]
Underfull \hbox (badness 2460) in paragraph at lines 110--111
[]\T1/phv/m/n/10 typedef void() []([] $\OMS/cmsy/m/n/10 $\T1/phv/m/n/10 adapte
r, [] de-scrip-tor,
 []

[26]
Underfull \hbox (badness 1014) in paragraph at lines 145--146
[]\T1/phv/m/n/10 sfsc[]_[]int8 [] ([] $\OMS/cmsy/m/n/10 $\T1/phv/m/n/10 adapte
r, [] topic, [] pay-load, sfsc[]_[]uint64
 []


Underfull \hbox (badness 7064) in paragraph at lines 145--146
\T1/phv/m/n/10 timeout[]_[]time, [] $\OMS/cmsy/m/n/10 $\T1/phv/m/n/10 descript
or, sfsc[]_[]uint8 $\OMS/cmsy/m/n/10 $\T1/phv/m/n/10 descriptor[]_[]space, sfs
c[]_[]size
 []


Underfull \hbox (badness 1521) in paragraph at lines 147--148
[]\T1/phv/m/n/10 sfsc[]_[]int8 [] ([] $\OMS/cmsy/m/n/10 $\T1/phv/m/n/10 adapte
r, [] $\OMS/cmsy/m/n/10 $\T1/phv/m/n/10 server, [] name, []
 []


Underfull \hbox (badness 1478) in paragraph at lines 151--152
[]\T1/phv/m/n/10 sfsc[]_[]int8 [] ([] $\OMS/cmsy/m/n/10 $\T1/phv/m/n/10 adapte
r, [] $\OMS/cmsy/m/n/10 $\T1/phv/m/n/10 server, sfsc[]_[]int32 expected[]_[]re
ply[]_[]id,
 []


Overfull \hbox (28.0549pt too wide) in paragraph at lines 153--154
\T1/phv/m/n/10 _[]id, [] reply[]_[]topic, [] $\OMS/cmsy/m/n/10 $\T1/phv/m/n/10
 channel[]_[]answer, void $\OMS/cmsy/m/n/10 $\T1/phv/m/n/10 mapping[]_[]arg, [
]
 []

[27]
LaTeX Font Info:    Font shape `T1/phv/m/n' will be
(Font)              scaled to size 7.19995pt on input line 187.
 [28] [29]
Underfull \hbox (badness 10000) in paragraph at lines 306--307
\T1/pcr/m/n/8 typedef void() sfsc[]_[]answer[]_[]ack[]_[]callback([] $\OMS/cmsy
/m/n/8 $\T1/pcr/m/n/8 adapter, [] $\OMS/cmsy/m/n/8 $\T1/pcr/m/n/8 server, sfs
c[]_[]bool
 []

[30]
Underfull \hbox (badness 10000) in paragraph at lines 350--351
\T1/pcr/m/n/8 typedef void() sfsc[]_[]channel[]_[]request[]_[]callback([] $\OMS
/cmsy/m/n/8 $\T1/pcr/m/n/8 adapter, sfsc[]_[]bool timeout, sfsc[]_[]
 []


Underfull \hbox (badness 10000) in paragraph at lines 350--351
\T1/pcr/m/n/8 int8 decode[]_[]error, [] $\OMS/cmsy/m/n/8 $\T1/pcr/m/n/8 descri
ptor, sfsc[]_[]uint8 $\OMS/cmsy/m/n/8 $\T1/pcr/m/n/8 descirptor[]_[]offset,
 []


Underfull \hbox (badness 10000) in paragraph at lines 366--367
\T1/pcr/m/n/8 typedef void() sfsc[]_[]command[]_[]callback([] $\OMS/cmsy/m/n/8 
$\T1/pcr/m/n/8 adapter, [] service,
 []

[31]
Underfull \hbox (badness 10000) in paragraph at lines 387--388
\T1/pcr/m/n/8 typedef void() sfsc[]_[]query[]_[]callback([] $\OMS/cmsy/m/n/8 $
\T1/pcr/m/n/8 adapter, []
 []


Underfull \hbox (badness 10000) in paragraph at lines 401--402
\T1/pcr/m/n/8 typedef void() sfsc[]_[]request[]_[]callback([] $\OMS/cmsy/m/n/8 
$\T1/pcr/m/n/8 adapter, [] payload, sfsc[]_[]bool
 []

LaTeX Font Info:    Font shape `T1/pcr/m/it' in size <8> not available
(Font)              Font shape `T1/pcr/m/sl' tried instead on input line 418.
[32]
Underfull \hbox (badness 10000) detected at line 429
[][][]
 []

LaTeX Font Info:    Font shape `T1/pcr/m/it' in size <7> not available
(Font)              Font shape `T1/pcr/m/sl' tried instead on input line 453.
[33]
Overfull \vbox (59.3416pt too high) has occurred while \output is active []


[34]
Underfull \hbox (badness 10000) detected at line 498
[][][]
 []

[35]
Underfull \hbox (badness 10000) detected at line 554
[][][]
 []


Underfull \hbox (badness 10000) detected at line 578
[][][]
 []

[36] [37]
Underfull \hbox (badness 10000) detected at line 667
[][][]
 []

[38]
Underfull \hbox (badness 10000) detected at line 706
[][][]
 []

[39]
Underfull \hbox (badness 10000) detected at line 755
[][][]
 []

[40]
Underfull \hbox (badness 10000) detected at line 790
[][][]
 []

[41]
Underfull \hbox (badness 10000) detected at line 835
[][][]
 []

[42]
Underfull \hbox (badness 10000) detected at line 878
[][][]
 []

[43]
Underfull \hbox (badness 10000) detected at line 900
[][][]
 []


Underfull \hbox (badness 10000) detected at line 930
[][][]
 []

[44]
Underfull \hbox (badness 10000) detected at line 965
[][][]
 []

[45]
Underfull \hbox (badness 10000) detected at line 998
[][][]
 []


Underfull \hbox (badness 10000) detected at line 1024
[][][]
 []

) (sfsc__error__codes_8h.tex [46] [47]) [48]
No file refman.ind.
(refman.aux)

Package rerunfilecheck Warning: File `refman.out' has changed.
(rerunfilecheck)                Rerun to get outlines right
(rerunfilecheck)                or use package `bookmark'.

Package rerunfilecheck Info: Checksums for `refman.out':
(rerunfilecheck)             Before: DABE9A131C4E30AFCCE016898A955E64;18499
(rerunfilecheck)             After:  7D09606CA4886174F385839B610EE6EC;20212.

LaTeX Warning: There were undefined references.


LaTeX Warning: Label(s) may have changed. Rerun to get cross-references right.

 ) 
Here is how much of TeX's memory you used:
 17334 strings out of 479765
 265567 string characters out of 2876400
 623597 words of memory out of 3000000
 33640 multiletter control sequences out of 15000+200000
 594627 words of font info for 100 fonts, out of 3000000 for 9000
 1141 hyphenation exceptions out of 8191
 107i,16n,115p,1437b,612s stack positions out of 5000i,500n,10000p,200000b,50000s
pdfTeX warning (dest): name{subsubsection.1.1.5.1} has been referenced but do
es not exist, replaced by a fixed one

pdfTeX warning (dest): name{subsection.1.1.5} has been referenced but does not 
exist, replaced by a fixed one

pdfTeX warning (dest): name{subsection.1.1.4} has been referenced but does not 
exist, replaced by a fixed one

pdfTeX warning (dest): name{subsubsection.1.1.3.6} has been referenced but does
 not exist, replaced by a fixed one

pdfTeX warning (dest): name{subsubsection.1.1.3.5} has been referenced but does
 not exist, replaced by a fixed one

pdfTeX warning (dest): name{subsubsection.1.1.3.4} has been referenced but does
 not exist, replaced by a fixed one

pdfTeX warning (dest): name{subsubsection.1.1.3.3} has been referenced but does
 not exist, replaced by a fixed one

pdfTeX warning (dest): name{subsubsection.1.1.3.2} has been referenced but does
 not exist, replaced by a fixed one

pdfTeX warning (dest): name{subsubsection.1.1.3.1} has been referenced but does
 not exist, replaced by a fixed one

pdfTeX warning (dest): name{subsection.1.1.3} has been referenced but does not 
exist, replaced by a fixed one

pdfTeX warning (dest): name{subsubsection.1.1.2.5} has been referenced but does
 not exist, replaced by a fixed one

pdfTeX warning (dest): name{subsubsection.1.1.2.4} has been referenced but does
 not exist, replaced by a fixed one

pdfTeX warning (dest): name{subsubsection.1.1.2.3} has been referenced but does
 not exist, replaced by a fixed one

pdfTeX warning (dest): name{subsubsection.1.1.2.2} has been referenced but does
 not exist, replaced by a fixed one

pdfTeX warning (dest): name{subsubsection.1.1.2.1} has been referenced but does
 not exist, replaced by a fixed one

pdfTeX warning (dest): name{subsection.1.1.2} has been referenced but does not 
exist, replaced by a fixed one

pdfTeX warning (dest): name{subsection.1.1.1} has been referenced but does not 
exist, replaced by a fixed one

{C:/Program Files/MiKTeX 2.9/fonts/enc/dvips/base/8r.enc}<C:/Program Files/MiKT
eX 2.9/fonts/type1/public/amsfonts/cm/cmmi10.pfb><C:/Program Files/MiKTeX 2.9/f
onts/type1/public/amsfonts/cm/cmmi7.pfb><C:/Program Files/MiKTeX 2.9/fonts/type
1/public/amsfonts/cm/cmsy10.pfb><C:/Program Files/MiKTeX 2.9/fonts/type1/public
/amsfonts/cm/cmsy7.pfb><C:/Program Files/MiKTeX 2.9/fonts/type1/public/amsfonts
/cm/cmsy8.pfb><C:/Program Files/MiKTeX 2.9/fonts/type1/urw/courier/ucrr8a.pfb><
C:/Program Files/MiKTeX 2.9/fonts/type1/urw/courier/ucrro8a.pfb><C:/Program Fil
es/MiKTeX 2.9/fonts/type1/urw/helvetic/uhvb8a.pfb><C:/Program Files/MiKTeX 2.9/
fonts/type1/urw/helvetic/uhvb8ac.pfb><C:/Program Files/MiKTeX 2.9/fonts/type1/u
rw/helvetic/uhvr8a.pfb><C:/Program Files/MiKTeX 2.9/fonts/type1/urw/helvetic/uh
vro8a.pfb>
Output written on refman.pdf (54 pages, 392740 bytes).
PDF statistics:
 1269 PDF objects out of 1440 (max. 8388607)
 354 named destinations out of 1000 (max. 500000)
 689 words of extra memory for PDF output out of 10000 (max. 10000000)

