\BOOKMARK [0][-]{chapter.1}{\376\377\0001\000\040\000M\000i\000c\000r\000o\000S\000F\000S\000C}{}% 1
\BOOKMARK [1][-]{section.1.1}{\376\377\0001\000.\0001\000\040\000R\000e\000p\000o\000s\000i\000t\000o\000r\000y\000\040\000s\000t\000r\000u\000c\000t\000u\000r\000e}{chapter.1}% 2
\BOOKMARK [1][-]{section.1.2}{\376\377\0001\000.\0002\000\040\000P\000o\000r\000t\000i\000n\000g\000\040\000t\000o\000\040\000y\000o\000u\000r\000\040\000p\000l\000a\000t\000f\000o\000r\000m}{chapter.1}% 3
\BOOKMARK [2][-]{subsection.1.2.1}{\376\377\0001\000.\0002\000.\0001\000\040\000s\000f\000s\000c\000\137\000t\000y\000p\000e\000s\000.\000h}{section.1.2}% 4
\BOOKMARK [2][-]{subsection.1.2.2}{\376\377\0001\000.\0002\000.\0002\000\040\000s\000f\000s\000c\000\137\000s\000t\000r\000i\000n\000g\000s\000.\000h}{section.1.2}% 5
\BOOKMARK [2][-]{subsection.1.2.3}{\376\377\0001\000.\0002\000.\0003\000\040\000s\000f\000s\000c\000\137\000p\000l\000a\000t\000f\000o\000r\000m\000.\000h}{section.1.2}% 6
\BOOKMARK [2][-]{subsection.1.2.4}{\376\377\0001\000.\0002\000.\0004\000\040\000s\000f\000s\000c\000\137\000s\000o\000c\000k\000e\000t\000s\000.\000h}{section.1.2}% 7
\BOOKMARK [2][-]{subsection.1.2.5}{\376\377\0001\000.\0002\000.\0005\000\040\000P\000r\000o\000t\000o\000b\000u\000f}{section.1.2}% 8
\BOOKMARK [1][-]{section.1.3}{\376\377\0001\000.\0003\000\040\000T\000h\000e\000\040\000E\000x\000e\000c\000u\000t\000i\000o\000n\000\040\000m\000o\000d\000e\000l}{chapter.1}% 9
\BOOKMARK [2][-]{subsection.1.3.1}{\376\377\0001\000.\0003\000.\0001\000\040\000S\000y\000s\000t\000e\000m\000\040\000T\000a\000s\000k}{section.1.3}% 10
\BOOKMARK [2][-]{subsection.1.3.2}{\376\377\0001\000.\0003\000.\0002\000\040\000U\000s\000e\000r\000\040\000T\000a\000s\000k}{section.1.3}% 11
\BOOKMARK [2][-]{subsection.1.3.3}{\376\377\0001\000.\0003\000.\0003\000\040\000B\000l\000o\000c\000k\000i\000n\000g\000\040\000t\000h\000e\000\040\000U\000s\000e\000r\000\040\000T\000a\000s\000k}{section.1.3}% 12
\BOOKMARK [2][-]{subsection.1.3.4}{\376\377\0001\000.\0003\000.\0004\000\040\000M\000u\000l\000t\000i\000-\000t\000h\000r\000e\000a\000d\000i\000n\000g}{section.1.3}% 13
\BOOKMARK [2][-]{subsection.1.3.5}{\376\377\0001\000.\0003\000.\0005\000\040\000M\000e\000s\000s\000a\000g\000e\000\040\000d\000r\000o\000p}{section.1.3}% 14
\BOOKMARK [2][-]{subsection.1.3.6}{\376\377\0001\000.\0003\000.\0006\000\040\000F\000u\000r\000t\000h\000e\000r\000\040\000r\000e\000a\000d\000i\000n\000g}{section.1.3}% 15
\BOOKMARK [1][-]{section.1.4}{\376\377\0001\000.\0004\000\040\000C\000o\000n\000f\000i\000g\000u\000r\000a\000t\000i\000o\000n}{chapter.1}% 16
\BOOKMARK [1][-]{section.1.5}{\376\377\0001\000.\0005\000\040\000U\000s\000i\000n\000g\000\040\000t\000h\000e\000\040\000A\000P\000I}{chapter.1}% 17
\BOOKMARK [2][-]{subsection.1.5.1}{\376\377\0001\000.\0005\000.\0001\000\040\000S\000t\000r\000u\000c\000t\000\040\000i\000n\000i\000t\000a\000l\000i\000z\000a\000t\000i\000o\000n}{section.1.5}% 18
\BOOKMARK [0][-]{chapter.2}{\376\377\0002\000\040\000D\000a\000t\000a\000\040\000S\000t\000r\000u\000c\000t\000u\000r\000e\000\040\000I\000n\000d\000e\000x}{}% 19
\BOOKMARK [1][-]{section.2.1}{\376\377\0002\000.\0001\000\040\000D\000a\000t\000a\000\040\000S\000t\000r\000u\000c\000t\000u\000r\000e\000s}{chapter.2}% 20
\BOOKMARK [0][-]{chapter.3}{\376\377\0003\000\040\000F\000i\000l\000e\000\040\000I\000n\000d\000e\000x}{}% 21
\BOOKMARK [1][-]{section.3.1}{\376\377\0003\000.\0001\000\040\000F\000i\000l\000e\000\040\000L\000i\000s\000t}{chapter.3}% 22
\BOOKMARK [0][-]{chapter.4}{\376\377\0004\000\040\000D\000a\000t\000a\000\040\000S\000t\000r\000u\000c\000t\000u\000r\000e\000\040\000D\000o\000c\000u\000m\000e\000n\000t\000a\000t\000i\000o\000n}{}% 23
\BOOKMARK [1][-]{section.4.1}{\376\377\0004\000.\0001\000\040\000\137\000r\000e\000l\000a\000t\000i\000v\000e\000\137\000p\000u\000b\000l\000i\000s\000h\000e\000r\000\137\000t\000a\000g\000s\000\040\000S\000t\000r\000u\000c\000t\000\040\000R\000e\000f\000e\000r\000e\000n\000c\000e}{chapter.4}% 24
\BOOKMARK [2][-]{subsection.4.1.1}{\376\377\0004\000.\0001\000.\0001\000\040\000D\000e\000t\000a\000i\000l\000e\000d\000\040\000D\000e\000s\000c\000r\000i\000p\000t\000i\000o\000n}{section.4.1}% 25
\BOOKMARK [1][-]{section.4.2}{\376\377\0004\000.\0002\000\040\000\137\000r\000e\000l\000a\000t\000i\000v\000e\000\137\000s\000e\000r\000v\000e\000r\000\137\000t\000a\000g\000s\000\040\000S\000t\000r\000u\000c\000t\000\040\000R\000e\000f\000e\000r\000e\000n\000c\000e}{chapter.4}% 26
\BOOKMARK [2][-]{subsection.4.2.1}{\376\377\0004\000.\0002\000.\0001\000\040\000D\000e\000t\000a\000i\000l\000e\000d\000\040\000D\000e\000s\000c\000r\000i\000p\000t\000i\000o\000n}{section.4.2}% 27
\BOOKMARK [1][-]{section.4.3}{\376\377\0004\000.\0003\000\040\000\137\000r\000e\000l\000a\000t\000i\000v\000e\000\137\000s\000f\000s\000c\000\137\000s\000e\000r\000v\000i\000c\000e\000\137\000d\000e\000s\000c\000r\000i\000p\000t\000o\000r\000\040\000S\000t\000r\000u\000c\000t\000\040\000R\000e\000f\000e\000r\000e\000n\000c\000e}{chapter.4}% 28
\BOOKMARK [2][-]{subsection.4.3.1}{\376\377\0004\000.\0003\000.\0001\000\040\000D\000e\000t\000a\000i\000l\000e\000d\000\040\000D\000e\000s\000c\000r\000i\000p\000t\000i\000o\000n}{section.4.3}% 29
\BOOKMARK [1][-]{section.4.4}{\376\377\0004\000.\0004\000\040\000\137\000s\000f\000s\000c\000\137\000a\000d\000a\000p\000t\000e\000r\000\137\000s\000t\000a\000t\000s\000\040\000S\000t\000r\000u\000c\000t\000\040\000R\000e\000f\000e\000r\000e\000n\000c\000e}{chapter.4}% 30
\BOOKMARK [2][-]{subsection.4.4.1}{\376\377\0004\000.\0004\000.\0001\000\040\000D\000e\000t\000a\000i\000l\000e\000d\000\040\000D\000e\000s\000c\000r\000i\000p\000t\000i\000o\000n}{section.4.4}% 31
\BOOKMARK [1][-]{section.4.5}{\376\377\0004\000.\0005\000\040\000\137\000s\000f\000s\000c\000\137\000b\000u\000f\000f\000e\000r\000\040\000S\000t\000r\000u\000c\000t\000\040\000R\000e\000f\000e\000r\000e\000n\000c\000e}{chapter.4}% 32
\BOOKMARK [2][-]{subsection.4.5.1}{\376\377\0004\000.\0005\000.\0001\000\040\000D\000e\000t\000a\000i\000l\000e\000d\000\040\000D\000e\000s\000c\000r\000i\000p\000t\000i\000o\000n}{section.4.5}% 33
\BOOKMARK [1][-]{section.4.6}{\376\377\0004\000.\0006\000\040\000\137\000s\000f\000s\000c\000\137\000c\000h\000a\000n\000n\000e\000l\000\137\000a\000n\000s\000w\000e\000r\000\040\000S\000t\000r\000u\000c\000t\000\040\000R\000e\000f\000e\000r\000e\000n\000c\000e}{chapter.4}% 34
\BOOKMARK [2][-]{subsection.4.6.1}{\376\377\0004\000.\0006\000.\0001\000\040\000D\000e\000t\000a\000i\000l\000e\000d\000\040\000D\000e\000s\000c\000r\000i\000p\000t\000i\000o\000n}{section.4.6}% 35
\BOOKMARK [1][-]{section.4.7}{\376\377\0004\000.\0007\000\040\000\137\000s\000f\000s\000c\000\137\000p\000u\000b\000l\000i\000s\000h\000e\000r\000\040\000S\000t\000r\000u\000c\000t\000\040\000R\000e\000f\000e\000r\000e\000n\000c\000e}{chapter.4}% 36
\BOOKMARK [2][-]{subsection.4.7.1}{\376\377\0004\000.\0007\000.\0001\000\040\000D\000e\000t\000a\000i\000l\000e\000d\000\040\000D\000e\000s\000c\000r\000i\000p\000t\000i\000o\000n}{section.4.7}% 37
\BOOKMARK [1][-]{section.4.8}{\376\377\0004\000.\0008\000\040\000\137\000s\000f\000s\000c\000\137\000p\000u\000b\000l\000i\000s\000h\000e\000r\000\137\000o\000r\000\137\000s\000e\000r\000v\000e\000r\000\040\000S\000t\000r\000u\000c\000t\000\040\000R\000e\000f\000e\000r\000e\000n\000c\000e}{chapter.4}% 38
\BOOKMARK [2][-]{subsection.4.8.1}{\376\377\0004\000.\0008\000.\0001\000\040\000D\000e\000t\000a\000i\000l\000e\000d\000\040\000D\000e\000s\000c\000r\000i\000p\000t\000i\000o\000n}{section.4.8}% 39
\BOOKMARK [1][-]{section.4.9}{\376\377\0004\000.\0009\000\040\000\137\000s\000f\000s\000c\000\137\000s\000e\000r\000v\000e\000r\000\040\000S\000t\000r\000u\000c\000t\000\040\000R\000e\000f\000e\000r\000e\000n\000c\000e}{chapter.4}% 40
\BOOKMARK [2][-]{subsection.4.9.1}{\376\377\0004\000.\0009\000.\0001\000\040\000D\000e\000t\000a\000i\000l\000e\000d\000\040\000D\000e\000s\000c\000r\000i\000p\000t\000i\000o\000n}{section.4.9}% 41
\BOOKMARK [1][-]{section.4.10}{\376\377\0004\000.\0001\0000\000\040\000\137\000s\000f\000s\000c\000\137\000s\000u\000b\000s\000c\000r\000i\000b\000e\000r\000\040\000S\000t\000r\000u\000c\000t\000\040\000R\000e\000f\000e\000r\000e\000n\000c\000e}{chapter.4}% 42
\BOOKMARK [2][-]{subsection.4.10.1}{\376\377\0004\000.\0001\0000\000.\0001\000\040\000D\000e\000t\000a\000i\000l\000e\000d\000\040\000D\000e\000s\000c\000r\000i\000p\000t\000i\000o\000n}{section.4.10}% 43
\BOOKMARK [0][-]{chapter.5}{\376\377\0005\000\040\000F\000i\000l\000e\000\040\000D\000o\000c\000u\000m\000e\000n\000t\000a\000t\000i\000o\000n}{}% 44
\BOOKMARK [1][-]{section.5.1}{\376\377\0005\000.\0001\000\040\000s\000r\000c\000/\000s\000f\000s\000c\000/\000s\000f\000s\000c\000\137\000a\000d\000a\000p\000t\000e\000r\000/\000s\000f\000s\000c\000\137\000a\000d\000a\000p\000t\000e\000r\000.\000h\000\040\000F\000i\000l\000e\000\040\000R\000e\000f\000e\000r\000e\000n\000c\000e}{chapter.5}% 45
\BOOKMARK [2][-]{subsection.5.1.1}{\376\377\0005\000.\0001\000.\0001\000\040\000D\000e\000t\000a\000i\000l\000e\000d\000\040\000D\000e\000s\000c\000r\000i\000p\000t\000i\000o\000n}{section.5.1}% 46
\BOOKMARK [2][-]{subsection.5.1.2}{\376\377\0005\000.\0001\000.\0002\000\040\000M\000a\000c\000r\000o\000\040\000D\000e\000f\000i\000n\000i\000t\000i\000o\000n\000\040\000D\000o\000c\000u\000m\000e\000n\000t\000a\000t\000i\000o\000n}{section.5.1}% 47
\BOOKMARK [3][-]{subsubsection.5.1.2.1}{\376\377\0005\000.\0001\000.\0002\000.\0001\000\040\000r\000e\000l\000a\000t\000i\000v\000e\000\137\000s\000e\000r\000v\000e\000r\000\137\000t\000a\000g\000s\000\137\000D\000E\000F\000A\000U\000L\000T\000\137\000I\000N\000I\000T}{subsection.5.1.2}% 48
\BOOKMARK [3][-]{subsubsection.5.1.2.2}{\376\377\0005\000.\0001\000.\0002\000.\0002\000\040\000r\000e\000l\000a\000t\000i\000v\000e\000\137\000s\000f\000s\000c\000\137\000s\000e\000r\000v\000i\000c\000e\000\137\000d\000e\000s\000c\000r\000i\000p\000t\000o\000r\000\137\000D\000E\000F\000A\000U\000L\000T\000\137\000I\000N\000I\000T}{subsection.5.1.2}% 49
\BOOKMARK [3][-]{subsubsection.5.1.2.3}{\376\377\0005\000.\0001\000.\0002\000.\0003\000\040\000s\000f\000s\000c\000\137\000s\000e\000r\000v\000e\000r\000\137\000D\000E\000F\000A\000U\000L\000T\000\137\000I\000N\000I\000T}{subsection.5.1.2}% 50
\BOOKMARK [2][-]{subsection.5.1.3}{\376\377\0005\000.\0001\000.\0003\000\040\000T\000y\000p\000e\000d\000e\000f\000\040\000D\000o\000c\000u\000m\000e\000n\000t\000a\000t\000i\000o\000n}{section.5.1}% 51
\BOOKMARK [3][-]{subsubsection.5.1.3.1}{\376\377\0005\000.\0001\000.\0003\000.\0001\000\040\000r\000e\000l\000a\000t\000i\000v\000e\000\137\000p\000u\000b\000l\000i\000s\000h\000e\000r\000\137\000t\000a\000g\000s}{subsection.5.1.3}% 52
\BOOKMARK [3][-]{subsubsection.5.1.3.2}{\376\377\0005\000.\0001\000.\0003\000.\0002\000\040\000r\000e\000l\000a\000t\000i\000v\000e\000\137\000s\000e\000r\000v\000e\000r\000\137\000t\000a\000g\000s}{subsection.5.1.3}% 53
\BOOKMARK [3][-]{subsubsection.5.1.3.3}{\376\377\0005\000.\0001\000.\0003\000.\0003\000\040\000r\000e\000l\000a\000t\000i\000v\000e\000\137\000s\000f\000s\000c\000\137\000s\000e\000r\000v\000i\000c\000e\000\137\000d\000e\000s\000c\000r\000i\000p\000t\000o\000r}{subsection.5.1.3}% 54
\BOOKMARK [3][-]{subsubsection.5.1.3.4}{\376\377\0005\000.\0001\000.\0003\000.\0004\000\040\000s\000f\000s\000c\000\137\000a\000d\000a\000p\000t\000e\000r}{subsection.5.1.3}% 55
\BOOKMARK [3][-]{subsubsection.5.1.3.5}{\376\377\0005\000.\0001\000.\0003\000.\0005\000\040\000s\000f\000s\000c\000\137\000a\000d\000a\000p\000t\000e\000r\000\137\000s\000t\000a\000t\000s}{subsection.5.1.3}% 56
\BOOKMARK [3][-]{subsubsection.5.1.3.6}{\376\377\0005\000.\0001\000.\0003\000.\0006\000\040\000s\000f\000s\000c\000\137\000a\000n\000s\000w\000e\000r\000\137\000a\000c\000k\000\137\000c\000a\000l\000l\000b\000a\000c\000k}{subsection.5.1.3}% 57
\BOOKMARK [3][-]{subsubsection.5.1.3.7}{\376\377\0005\000.\0001\000.\0003\000.\0007\000\040\000s\000f\000s\000c\000\137\000b\000u\000f\000f\000e\000r}{subsection.5.1.3}% 58
\BOOKMARK [3][-]{subsubsection.5.1.3.8}{\376\377\0005\000.\0001\000.\0003\000.\0008\000\040\000s\000f\000s\000c\000\137\000c\000h\000a\000n\000n\000e\000l\000\137\000a\000n\000s\000w\000e\000r}{subsection.5.1.3}% 59
\BOOKMARK [3][-]{subsubsection.5.1.3.9}{\376\377\0005\000.\0001\000.\0003\000.\0009\000\040\000s\000f\000s\000c\000\137\000c\000h\000a\000n\000n\000e\000l\000\137\000r\000e\000q\000u\000e\000s\000t\000\137\000c\000a\000l\000l\000b\000a\000c\000k}{subsection.5.1.3}% 60
\BOOKMARK [3][-]{subsubsection.5.1.3.10}{\376\377\0005\000.\0001\000.\0003\000.\0001\0000\000\040\000s\000f\000s\000c\000\137\000c\000o\000m\000m\000a\000n\000d\000\137\000c\000a\000l\000l\000b\000a\000c\000k}{subsection.5.1.3}% 61
\BOOKMARK [3][-]{subsubsection.5.1.3.11}{\376\377\0005\000.\0001\000.\0003\000.\0001\0001\000\040\000s\000f\000s\000c\000\137\000q\000u\000e\000r\000y\000\137\000c\000a\000l\000l\000b\000a\000c\000k}{subsection.5.1.3}% 62
\BOOKMARK [3][-]{subsubsection.5.1.3.12}{\376\377\0005\000.\0001\000.\0003\000.\0001\0002\000\040\000s\000f\000s\000c\000\137\000r\000e\000q\000u\000e\000s\000t\000\137\000c\000a\000l\000l\000b\000a\000c\000k}{subsection.5.1.3}% 63
\BOOKMARK [2][-]{subsection.5.1.4}{\376\377\0005\000.\0001\000.\0004\000\040\000F\000u\000n\000c\000t\000i\000o\000n\000\040\000D\000o\000c\000u\000m\000e\000n\000t\000a\000t\000i\000o\000n}{section.5.1}% 64
\BOOKMARK [3][-]{subsubsection.5.1.4.1}{\376\377\0005\000.\0001\000.\0004\000.\0001\000\040\000a\000d\000a\000p\000t\000e\000r\000\137\000s\000t\000a\000t\000s\000\050\000\051}{subsection.5.1.4}% 65
\BOOKMARK [3][-]{subsubsection.5.1.4.2}{\376\377\0005\000.\0001\000.\0004\000.\0002\000\040\000a\000d\000v\000a\000n\000c\000e\000\137\000u\000s\000e\000r\000\137\000r\000i\000n\000g\000\050\000\051}{subsection.5.1.4}% 66
\BOOKMARK [3][-]{subsubsection.5.1.4.3}{\376\377\0005\000.\0001\000.\0004\000.\0003\000\040\000a\000n\000s\000w\000e\000r\000\137\000c\000h\000a\000n\000n\000e\000l\000\137\000r\000e\000q\000u\000e\000s\000t\000\050\000\051}{subsection.5.1.4}% 67
\BOOKMARK [3][-]{subsubsection.5.1.4.4}{\376\377\0005\000.\0001\000.\0004\000.\0004\000\040\000a\000n\000s\000w\000e\000r\000\137\000r\000e\000q\000u\000e\000s\000t\000\050\000\051}{subsection.5.1.4}% 68
\BOOKMARK [3][-]{subsubsection.5.1.4.5}{\376\377\0005\000.\0001\000.\0004\000.\0005\000\040\000c\000h\000a\000n\000n\000e\000l\000\137\000r\000e\000q\000u\000e\000s\000t\000\050\000\051}{subsection.5.1.4}% 69
\BOOKMARK [3][-]{subsubsection.5.1.4.6}{\376\377\0005\000.\0001\000.\0004\000.\0006\000\040\000p\000u\000b\000l\000i\000s\000h\000\050\000\051}{subsection.5.1.4}% 70
\BOOKMARK [3][-]{subsubsection.5.1.4.7}{\376\377\0005\000.\0001\000.\0004\000.\0007\000\040\000q\000u\000e\000r\000y\000\137\000s\000e\000r\000v\000i\000c\000e\000s\000\050\000\051}{subsection.5.1.4}% 71
\BOOKMARK [3][-]{subsubsection.5.1.4.8}{\376\377\0005\000.\0001\000.\0004\000.\0008\000\040\000q\000u\000e\000r\000y\000\137\000s\000e\000r\000v\000i\000c\000e\000s\000\137\000n\000e\000x\000t\000\050\000\051}{subsection.5.1.4}% 72
\BOOKMARK [3][-]{subsubsection.5.1.4.9}{\376\377\0005\000.\0001\000.\0004\000.\0009\000\040\000r\000a\000n\000d\000o\000m\000\137\000u\000u\000i\000d\000\050\000\051}{subsection.5.1.4}% 73
\BOOKMARK [3][-]{subsubsection.5.1.4.10}{\376\377\0005\000.\0001\000.\0004\000.\0001\0000\000\040\000r\000e\000g\000i\000s\000t\000e\000r\000\137\000p\000u\000b\000l\000i\000s\000h\000e\000r\000\050\000\051}{subsection.5.1.4}% 74
\BOOKMARK [3][-]{subsubsection.5.1.4.11}{\376\377\0005\000.\0001\000.\0004\000.\0001\0001\000\040\000r\000e\000g\000i\000s\000t\000e\000r\000\137\000p\000u\000b\000l\000i\000s\000h\000e\000r\000\137\000u\000n\000r\000e\000g\000i\000s\000t\000e\000r\000e\000d\000\050\000\051}{subsection.5.1.4}% 75
\BOOKMARK [3][-]{subsubsection.5.1.4.12}{\376\377\0005\000.\0001\000.\0004\000.\0001\0002\000\040\000r\000e\000g\000i\000s\000t\000e\000r\000\137\000s\000e\000r\000v\000e\000r\000\050\000\051}{subsection.5.1.4}% 76
\BOOKMARK [3][-]{subsubsection.5.1.4.13}{\376\377\0005\000.\0001\000.\0004\000.\0001\0003\000\040\000r\000e\000g\000i\000s\000t\000e\000r\000\137\000s\000u\000b\000s\000c\000r\000i\000b\000e\000r\000\050\000\051}{subsection.5.1.4}% 77
\BOOKMARK [3][-]{subsubsection.5.1.4.14}{\376\377\0005\000.\0001\000.\0004\000.\0001\0004\000\040\000r\000e\000q\000u\000e\000s\000t\000\050\000\051}{subsection.5.1.4}% 78
\BOOKMARK [3][-]{subsubsection.5.1.4.15}{\376\377\0005\000.\0001\000.\0004\000.\0001\0005\000\040\000s\000t\000a\000r\000t\000\137\000s\000e\000s\000s\000i\000o\000n\000\050\000\051}{subsection.5.1.4}% 79
\BOOKMARK [3][-]{subsubsection.5.1.4.16}{\376\377\0005\000.\0001\000.\0004\000.\0001\0006\000\040\000s\000t\000a\000r\000t\000\137\000s\000e\000s\000s\000i\000o\000n\000\137\000b\000o\000o\000t\000s\000t\000r\000a\000p\000e\000d\000\050\000\051}{subsection.5.1.4}% 80
\BOOKMARK [3][-]{subsubsection.5.1.4.17}{\376\377\0005\000.\0001\000.\0004\000.\0001\0007\000\040\000s\000y\000s\000t\000e\000m\000\137\000t\000a\000s\000k\000\050\000\051}{subsection.5.1.4}% 81
\BOOKMARK [3][-]{subsubsection.5.1.4.18}{\376\377\0005\000.\0001\000.\0004\000.\0001\0008\000\040\000u\000n\000r\000e\000g\000i\000s\000t\000e\000r\000\137\000p\000u\000b\000l\000i\000s\000h\000e\000r\000\050\000\051}{subsection.5.1.4}% 82
\BOOKMARK [3][-]{subsubsection.5.1.4.19}{\376\377\0005\000.\0001\000.\0004\000.\0001\0009\000\040\000u\000n\000r\000e\000g\000i\000s\000t\000e\000r\000\137\000s\000e\000r\000v\000e\000r\000\050\000\051}{subsection.5.1.4}% 83
\BOOKMARK [3][-]{subsubsection.5.1.4.20}{\376\377\0005\000.\0001\000.\0004\000.\0002\0000\000\040\000u\000n\000r\000e\000g\000i\000s\000t\000e\000r\000\137\000s\000u\000b\000s\000c\000r\000i\000b\000e\000r\000\050\000\051}{subsection.5.1.4}% 84
\BOOKMARK [3][-]{subsubsection.5.1.4.21}{\376\377\0005\000.\0001\000.\0004\000.\0002\0001\000\040\000u\000s\000e\000r\000\137\000t\000a\000s\000k\000\050\000\051}{subsection.5.1.4}% 85
\BOOKMARK [1][-]{section.5.2}{\376\377\0005\000.\0002\000\040\000s\000r\000c\000/\000s\000f\000s\000c\000/\000s\000f\000s\000c\000\137\000a\000d\000a\000p\000t\000e\000r\000/\000s\000f\000s\000c\000\137\000e\000r\000r\000o\000r\000\137\000c\000o\000d\000e\000s\000.\000h\000\040\000F\000i\000l\000e\000\040\000R\000e\000f\000e\000r\000e\000n\000c\000e}{chapter.5}% 86
\BOOKMARK [2][-]{subsection.5.2.1}{\376\377\0005\000.\0002\000.\0001\000\040\000D\000e\000t\000a\000i\000l\000e\000d\000\040\000D\000e\000s\000c\000r\000i\000p\000t\000i\000o\000n}{section.5.2}% 87
\BOOKMARK [2][-]{subsection.5.2.2}{\376\377\0005\000.\0002\000.\0002\000\040\000M\000a\000c\000r\000o\000\040\000D\000e\000f\000i\000n\000i\000t\000i\000o\000n\000\040\000D\000o\000c\000u\000m\000e\000n\000t\000a\000t\000i\000o\000n}{section.5.2}% 88
\BOOKMARK [3][-]{subsubsection.5.2.2.1}{\376\377\0005\000.\0002\000.\0002\000.\0001\000\040\000E\000\137\000H\000E\000A\000R\000T\000B\000E\000A\000T\000\137\000M\000I\000S\000S\000I\000N\000G}{subsection.5.2.2}% 89
\BOOKMARK [3][-]{subsubsection.5.2.2.2}{\376\377\0005\000.\0002\000.\0002\000.\0002\000\040\000E\000\137\000N\000O\000\137\000F\000R\000E\000E\000\137\000S\000L\000O\000T}{subsection.5.2.2}% 90
\BOOKMARK [3][-]{subsubsection.5.2.2.3}{\376\377\0005\000.\0002\000.\0002\000.\0003\000\040\000E\000\137\000P\000R\000O\000T\000O\000\137\000D\000E\000C\000O\000D\000E}{subsection.5.2.2}% 91
\BOOKMARK [3][-]{subsubsection.5.2.2.4}{\376\377\0005\000.\0002\000.\0002\000.\0004\000\040\000E\000\137\000P\000R\000O\000T\000O\000\137\000E\000N\000C\000O\000D\000E}{subsection.5.2.2}% 92
\BOOKMARK [3][-]{subsubsection.5.2.2.5}{\376\377\0005\000.\0002\000.\0002\000.\0005\000\040\000E\000\137\000Q\000U\000E\000R\000Y\000\137\000I\000N\000\137\000P\000R\000O\000G\000R\000E\000S\000S}{subsection.5.2.2}% 93
\BOOKMARK [3][-]{subsubsection.5.2.2.6}{\376\377\0005\000.\0002\000.\0002\000.\0006\000\040\000E\000\137\000T\000O\000O\000\137\000S\000L\000O\000W}{subsection.5.2.2}% 94
\BOOKMARK [3][-]{subsubsection.5.2.2.7}{\376\377\0005\000.\0002\000.\0002\000.\0007\000\040\000W\000\137\000M\000E\000S\000S\000A\000G\000E\000\137\000D\000R\000O\000P}{subsection.5.2.2}% 95
